2019-12-28 07:32:55.400 parsl.dataflow.dflow:83 [DEBUG]  Starting DataFlowKernel with config
Config(
    app_cache=True, 
    checkpoint_files=None, 
    checkpoint_mode=None, 
    checkpoint_period=None, 
    data_management_max_threads=10, 
    executors=[ThreadPoolExecutor(
        label='threads', 
        managed=True, 
        max_threads=2, 
        storage_access=None, 
        thread_name_prefix='', 
        working_dir=None
    )], 
    initialize_logging=True, 
    lazy_errors=True, 
    max_idletime=120.0, 
    monitoring=None, 
    retries=0, 
    run_dir='runinfo', 
    strategy='simple', 
    usage_tracking=False
)
2019-12-28 07:32:55.400 parsl.dataflow.dflow:84 [INFO]  Parsl version: 0.9.0
2019-12-28 07:32:55.400 parsl.dataflow.usage_tracking.usage:126 [DEBUG]  Tracking status: False
2019-12-28 07:32:55.400 parsl.dataflow.usage_tracking.usage:127 [DEBUG]  Testing mode   : False
2019-12-28 07:32:55.400 parsl.dataflow.dflow:110 [INFO]  Run id is: f37d78ea-51f2-4ad1-9c44-aa6a53ccb982
2019-12-28 07:32:55.452 parsl.dataflow.memoization:52 [INFO]  App caching initialized
2019-12-28 07:32:55.452 parsl.dataflow.strategy:125 [DEBUG]  Scaling strategy: simple
2019-12-28 07:32:55.723 parsl.dataflow.dflow:484 [DEBUG]  Adding output dependencies
2019-12-28 07:32:55.724 parsl.dataflow.dflow:708 [INFO]  Task 0 submitted for App rfClassifier, waiting on tasks []
2019-12-28 07:32:55.724 parsl.dataflow.dflow:714 [DEBUG]  Task 0 set to pending state with AppFuture: <AppFuture super=<AppFuture at 0x7fe900391748 state=pending>>
2019-12-28 07:32:55.725 parsl.dataflow.dflow:452 [INFO]  Task 0 launched on executor threads
2019-12-28 07:32:55.725 parsl.dataflow.dflow:484 [DEBUG]  Adding output dependencies
2019-12-28 07:32:55.725 parsl.dataflow.dflow:708 [INFO]  Task 1 submitted for App rfClassifier, waiting on tasks []
2019-12-28 07:32:55.725 parsl.dataflow.dflow:714 [DEBUG]  Task 1 set to pending state with AppFuture: <AppFuture super=<AppFuture at 0x7fe8ea0026d8 state=pending>>
2019-12-28 07:32:55.726 parsl.dataflow.dflow:452 [INFO]  Task 1 launched on executor threads
2019-12-28 07:32:55.726 parsl.dataflow.dflow:484 [DEBUG]  Adding output dependencies
2019-12-28 07:32:55.726 parsl.dataflow.dflow:708 [INFO]  Task 2 submitted for App rfClassifier, waiting on tasks []
2019-12-28 07:32:55.726 parsl.dataflow.dflow:714 [DEBUG]  Task 2 set to pending state with AppFuture: <AppFuture super=<AppFuture at 0x7fe8ea0029e8 state=pending>>
2019-12-28 07:32:55.726 parsl.dataflow.dflow:452 [INFO]  Task 2 launched on executor threads
2019-12-28 07:32:55.727 parsl.dataflow.dflow:484 [DEBUG]  Adding output dependencies
2019-12-28 07:32:55.727 parsl.dataflow.dflow:708 [INFO]  Task 3 submitted for App rfClassifier, waiting on tasks []
2019-12-28 07:32:55.727 parsl.dataflow.dflow:714 [DEBUG]  Task 3 set to pending state with AppFuture: <AppFuture super=<AppFuture at 0x7fe8ea002b70 state=pending>>
2019-12-28 07:32:55.727 parsl.dataflow.dflow:452 [INFO]  Task 3 launched on executor threads
2019-12-28 07:32:55.727 parsl.dataflow.dflow:484 [DEBUG]  Adding output dependencies
2019-12-28 07:32:55.727 parsl.dataflow.dflow:708 [INFO]  Task 4 submitted for App rfClassifier, waiting on tasks []
2019-12-28 07:32:55.727 parsl.dataflow.dflow:714 [DEBUG]  Task 4 set to pending state with AppFuture: <AppFuture super=<AppFuture at 0x7fe8ea002a20 state=pending>>
2019-12-28 07:32:55.727 parsl.dataflow.dflow:452 [INFO]  Task 4 launched on executor threads
2019-12-28 07:32:55.728 parsl.dataflow.dflow:484 [DEBUG]  Adding output dependencies
2019-12-28 07:32:55.728 parsl.dataflow.dflow:708 [INFO]  Task 5 submitted for App rfClassifier, waiting on tasks []
2019-12-28 07:32:55.728 parsl.dataflow.dflow:714 [DEBUG]  Task 5 set to pending state with AppFuture: <AppFuture super=<AppFuture at 0x7fe8ea0142b0 state=pending>>
2019-12-28 07:32:55.728 parsl.dataflow.dflow:452 [INFO]  Task 5 launched on executor threads
2019-12-28 07:32:55.728 parsl.dataflow.dflow:484 [DEBUG]  Adding output dependencies
2019-12-28 07:32:55.728 parsl.dataflow.dflow:708 [INFO]  Task 6 submitted for App rfClassifier, waiting on tasks []
2019-12-28 07:32:55.728 parsl.dataflow.dflow:714 [DEBUG]  Task 6 set to pending state with AppFuture: <AppFuture super=<AppFuture at 0x7fe8ea014470 state=pending>>
2019-12-28 07:32:55.728 parsl.dataflow.dflow:452 [INFO]  Task 6 launched on executor threads
2019-12-28 07:32:55.729 parsl.dataflow.dflow:484 [DEBUG]  Adding output dependencies
2019-12-28 07:32:55.729 parsl.dataflow.dflow:708 [INFO]  Task 7 submitted for App rfClassifier, waiting on tasks []
2019-12-28 07:32:55.729 parsl.dataflow.dflow:714 [DEBUG]  Task 7 set to pending state with AppFuture: <AppFuture super=<AppFuture at 0x7fe8ea0147f0 state=pending>>
2019-12-28 07:32:55.729 parsl.dataflow.dflow:452 [INFO]  Task 7 launched on executor threads
2019-12-28 07:32:55.729 parsl.dataflow.dflow:484 [DEBUG]  Adding output dependencies
2019-12-28 07:32:55.729 parsl.dataflow.dflow:708 [INFO]  Task 8 submitted for App rfClassifier, waiting on tasks []
2019-12-28 07:32:55.729 parsl.dataflow.dflow:714 [DEBUG]  Task 8 set to pending state with AppFuture: <AppFuture super=<AppFuture at 0x7fe8ea014908 state=pending>>
2019-12-28 07:32:55.729 parsl.dataflow.dflow:452 [INFO]  Task 8 launched on executor threads
2019-12-28 07:32:55.730 parsl.dataflow.dflow:484 [DEBUG]  Adding output dependencies
2019-12-28 07:32:55.730 parsl.dataflow.dflow:708 [INFO]  Task 9 submitted for App rfClassifier, waiting on tasks []
2019-12-28 07:32:55.730 parsl.dataflow.dflow:714 [DEBUG]  Task 9 set to pending state with AppFuture: <AppFuture super=<AppFuture at 0x7fe8ea014d68 state=pending>>
2019-12-28 07:32:55.730 parsl.dataflow.dflow:452 [INFO]  Task 9 launched on executor threads
2019-12-28 07:32:55.730 parsl.dataflow.dflow:484 [DEBUG]  Adding output dependencies
2019-12-28 07:32:55.730 parsl.dataflow.dflow:708 [INFO]  Task 10 submitted for App rfClassifier, waiting on tasks []
2019-12-28 07:32:55.730 parsl.dataflow.dflow:714 [DEBUG]  Task 10 set to pending state with AppFuture: <AppFuture super=<AppFuture at 0x7fe8ea014c18 state=pending>>
2019-12-28 07:32:55.730 parsl.dataflow.dflow:452 [INFO]  Task 10 launched on executor threads
2019-12-28 07:32:55.730 parsl.dataflow.dflow:484 [DEBUG]  Adding output dependencies
2019-12-28 07:32:55.730 parsl.dataflow.dflow:708 [INFO]  Task 11 submitted for App rfClassifier, waiting on tasks []
2019-12-28 07:32:55.730 parsl.dataflow.dflow:714 [DEBUG]  Task 11 set to pending state with AppFuture: <AppFuture super=<AppFuture at 0x7fe8ea020048 state=pending>>
2019-12-28 07:32:55.731 parsl.dataflow.dflow:452 [INFO]  Task 11 launched on executor threads
2019-12-28 07:32:55.731 parsl.dataflow.dflow:484 [DEBUG]  Adding output dependencies
2019-12-28 07:32:55.731 parsl.dataflow.dflow:708 [INFO]  Task 12 submitted for App rfClassifier, waiting on tasks []
2019-12-28 07:32:55.731 parsl.dataflow.dflow:714 [DEBUG]  Task 12 set to pending state with AppFuture: <AppFuture super=<AppFuture at 0x7fe8ea020438 state=pending>>
2019-12-28 07:32:55.731 parsl.dataflow.dflow:452 [INFO]  Task 12 launched on executor threads
2019-12-28 07:32:55.731 parsl.dataflow.dflow:484 [DEBUG]  Adding output dependencies
2019-12-28 07:32:55.731 parsl.dataflow.dflow:708 [INFO]  Task 13 submitted for App rfClassifier, waiting on tasks []
2019-12-28 07:32:55.731 parsl.dataflow.dflow:714 [DEBUG]  Task 13 set to pending state with AppFuture: <AppFuture super=<AppFuture at 0x7fe8ea0205c0 state=pending>>
2019-12-28 07:32:55.731 parsl.dataflow.dflow:452 [INFO]  Task 13 launched on executor threads
2019-12-28 07:32:55.732 parsl.dataflow.dflow:484 [DEBUG]  Adding output dependencies
2019-12-28 07:32:55.732 parsl.dataflow.dflow:708 [INFO]  Task 14 submitted for App rfClassifier, waiting on tasks []
2019-12-28 07:32:55.732 parsl.dataflow.dflow:714 [DEBUG]  Task 14 set to pending state with AppFuture: <AppFuture super=<AppFuture at 0x7fe8ea0202b0 state=pending>>
2019-12-28 07:32:55.732 parsl.dataflow.dflow:452 [INFO]  Task 14 launched on executor threads
2019-12-28 07:32:55.732 parsl.dataflow.dflow:484 [DEBUG]  Adding output dependencies
2019-12-28 07:32:55.732 parsl.dataflow.dflow:708 [INFO]  Task 15 submitted for App rfClassifier, waiting on tasks []
2019-12-28 07:32:55.732 parsl.dataflow.dflow:714 [DEBUG]  Task 15 set to pending state with AppFuture: <AppFuture super=<AppFuture at 0x7fe8ea020278 state=pending>>
2019-12-28 07:32:55.732 parsl.dataflow.dflow:452 [INFO]  Task 15 launched on executor threads
2019-12-28 07:32:55.732 parsl.dataflow.dflow:484 [DEBUG]  Adding output dependencies
2019-12-28 07:32:55.733 parsl.dataflow.dflow:708 [INFO]  Task 16 submitted for App rfClassifier, waiting on tasks []
2019-12-28 07:32:55.733 parsl.dataflow.dflow:714 [DEBUG]  Task 16 set to pending state with AppFuture: <AppFuture super=<AppFuture at 0x7fe8ea027940 state=pending>>
2019-12-28 07:32:55.733 parsl.dataflow.dflow:452 [INFO]  Task 16 launched on executor threads
2019-12-28 07:32:55.733 parsl.dataflow.dflow:484 [DEBUG]  Adding output dependencies
2019-12-28 07:32:55.733 parsl.dataflow.dflow:708 [INFO]  Task 17 submitted for App rfClassifier, waiting on tasks []
2019-12-28 07:32:55.733 parsl.dataflow.dflow:714 [DEBUG]  Task 17 set to pending state with AppFuture: <AppFuture super=<AppFuture at 0x7fe8ea0277b8 state=pending>>
2019-12-28 07:32:55.733 parsl.dataflow.dflow:452 [INFO]  Task 17 launched on executor threads
2019-12-28 07:32:55.733 parsl.dataflow.dflow:484 [DEBUG]  Adding output dependencies
2019-12-28 07:32:55.734 parsl.dataflow.dflow:708 [INFO]  Task 18 submitted for App rfClassifier, waiting on tasks []
2019-12-28 07:32:55.734 parsl.dataflow.dflow:714 [DEBUG]  Task 18 set to pending state with AppFuture: <AppFuture super=<AppFuture at 0x7fe8ea027ba8 state=pending>>
2019-12-28 07:32:55.734 parsl.dataflow.dflow:452 [INFO]  Task 18 launched on executor threads
2019-12-28 07:32:55.734 parsl.dataflow.dflow:484 [DEBUG]  Adding output dependencies
2019-12-28 07:32:55.734 parsl.dataflow.dflow:708 [INFO]  Task 19 submitted for App rfClassifier, waiting on tasks []
2019-12-28 07:32:55.734 parsl.dataflow.dflow:714 [DEBUG]  Task 19 set to pending state with AppFuture: <AppFuture super=<AppFuture at 0x7fe8e8983b38 state=pending>>
2019-12-28 07:32:55.734 parsl.dataflow.dflow:452 [INFO]  Task 19 launched on executor threads
2019-12-28 07:32:56.276 parsl.dataflow.dflow:288 [INFO]  Task 0 completed
2019-12-28 07:32:56.279 parsl.dataflow.dflow:288 [INFO]  Task 1 completed
2019-12-28 07:32:56.505 parsl.dataflow.dflow:288 [INFO]  Task 2 completed
2019-12-28 07:32:56.508 parsl.dataflow.dflow:288 [INFO]  Task 3 completed
2019-12-28 07:32:56.740 parsl.dataflow.dflow:288 [INFO]  Task 4 completed
2019-12-28 07:32:56.747 parsl.dataflow.dflow:288 [INFO]  Task 5 completed
2019-12-28 07:32:56.976 parsl.dataflow.dflow:288 [INFO]  Task 6 completed
2019-12-28 07:32:56.985 parsl.dataflow.dflow:288 [INFO]  Task 7 completed
2019-12-28 07:32:57.217 parsl.dataflow.dflow:288 [INFO]  Task 8 completed
2019-12-28 07:32:57.223 parsl.dataflow.dflow:288 [INFO]  Task 9 completed
2019-12-28 07:32:57.455 parsl.dataflow.dflow:288 [INFO]  Task 10 completed
2019-12-28 07:32:57.462 parsl.dataflow.dflow:288 [INFO]  Task 11 completed
2019-12-28 07:32:57.690 parsl.dataflow.dflow:288 [INFO]  Task 13 completed
2019-12-28 07:32:57.708 parsl.dataflow.dflow:288 [INFO]  Task 12 completed
2019-12-28 07:32:57.966 parsl.dataflow.dflow:288 [INFO]  Task 15 completed
2019-12-28 07:32:58.006 parsl.dataflow.dflow:288 [INFO]  Task 14 completed
2019-12-28 07:32:58.204 parsl.dataflow.dflow:288 [INFO]  Task 16 completed
2019-12-28 07:32:58.228 parsl.dataflow.dflow:288 [INFO]  Task 17 completed
2019-12-28 07:32:58.448 parsl.dataflow.dflow:288 [INFO]  Task 18 completed
2019-12-28 07:32:58.452 parsl.dataflow.dflow:288 [INFO]  Task 19 completed
2019-12-28 07:32:58.454 parsl.dataflow.dflow:864 [INFO]  DFK cleanup initiated
2019-12-28 07:32:58.454 parsl.dataflow.dflow:750 [INFO]  Summary of tasks in DFK:
2019-12-28 07:32:58.454 parsl.dataflow.dflow:781 [INFO]  Tasks in state States.done: 0, 1, 2, 3, 4, 5, 6, 7, 8, 9, 10, 11, 12, 13, 14, 15, 16, 17, 18, 19
2019-12-28 07:32:58.454 parsl.dataflow.dflow:788 [INFO]  End of summary
2019-12-28 07:32:58.454 parsl.dataflow.dflow:888 [INFO]  Terminating flow_control and strategy threads
2019-12-28 07:32:58.455 parsl.executors.threads:96 [DEBUG]  Done with executor shutdown
2019-12-28 07:32:58.455 parsl.executors.threads:96 [DEBUG]  Done with executor shutdown
2019-12-28 07:32:58.455 parsl.dataflow.dflow:920 [INFO]  DFK cleanup complete
