2019-12-28 07:32:47.819 parsl.dataflow.dflow:83 [DEBUG]  Starting DataFlowKernel with config
Config(
    app_cache=True, 
    checkpoint_files=None, 
    checkpoint_mode=None, 
    checkpoint_period=None, 
    data_management_max_threads=10, 
    executors=[ThreadPoolExecutor(
        label='threads', 
        managed=True, 
        max_threads=2, 
        storage_access=None, 
        thread_name_prefix='', 
        working_dir=None
    )], 
    initialize_logging=True, 
    lazy_errors=True, 
    max_idletime=120.0, 
    monitoring=None, 
    retries=0, 
    run_dir='runinfo', 
    strategy='simple', 
    usage_tracking=False
)
2019-12-28 07:32:47.819 parsl.dataflow.dflow:84 [INFO]  Parsl version: 0.9.0
2019-12-28 07:32:47.819 parsl.dataflow.usage_tracking.usage:126 [DEBUG]  Tracking status: False
2019-12-28 07:32:47.820 parsl.dataflow.usage_tracking.usage:127 [DEBUG]  Testing mode   : False
2019-12-28 07:32:47.820 parsl.dataflow.dflow:110 [INFO]  Run id is: d93e74d4-2215-40aa-980b-3df8fe39da62
2019-12-28 07:32:47.871 parsl.dataflow.memoization:52 [INFO]  App caching initialized
2019-12-28 07:32:47.871 parsl.dataflow.strategy:125 [DEBUG]  Scaling strategy: simple
2019-12-28 07:32:48.164 parsl.dataflow.dflow:484 [DEBUG]  Adding output dependencies
2019-12-28 07:32:48.164 parsl.dataflow.dflow:708 [INFO]  Task 0 submitted for App rfClassifier, waiting on tasks []
2019-12-28 07:32:48.164 parsl.dataflow.dflow:714 [DEBUG]  Task 0 set to pending state with AppFuture: <AppFuture super=<AppFuture at 0x7f2391420748 state=pending>>
2019-12-28 07:32:48.165 parsl.dataflow.dflow:452 [INFO]  Task 0 launched on executor threads
2019-12-28 07:32:48.165 parsl.dataflow.dflow:484 [DEBUG]  Adding output dependencies
2019-12-28 07:32:48.165 parsl.dataflow.dflow:708 [INFO]  Task 1 submitted for App rfClassifier, waiting on tasks []
2019-12-28 07:32:48.165 parsl.dataflow.dflow:714 [DEBUG]  Task 1 set to pending state with AppFuture: <AppFuture super=<AppFuture at 0x7f237b0836d8 state=pending>>
2019-12-28 07:32:48.165 parsl.dataflow.dflow:452 [INFO]  Task 1 launched on executor threads
2019-12-28 07:32:48.165 parsl.dataflow.dflow:484 [DEBUG]  Adding output dependencies
2019-12-28 07:32:48.166 parsl.dataflow.dflow:708 [INFO]  Task 2 submitted for App rfClassifier, waiting on tasks []
2019-12-28 07:32:48.166 parsl.dataflow.dflow:714 [DEBUG]  Task 2 set to pending state with AppFuture: <AppFuture super=<AppFuture at 0x7f237b083978 state=pending>>
2019-12-28 07:32:48.166 parsl.dataflow.dflow:452 [INFO]  Task 2 launched on executor threads
2019-12-28 07:32:48.166 parsl.dataflow.dflow:484 [DEBUG]  Adding output dependencies
2019-12-28 07:32:48.166 parsl.dataflow.dflow:708 [INFO]  Task 3 submitted for App rfClassifier, waiting on tasks []
2019-12-28 07:32:48.166 parsl.dataflow.dflow:714 [DEBUG]  Task 3 set to pending state with AppFuture: <AppFuture super=<AppFuture at 0x7f237b083b00 state=pending>>
2019-12-28 07:32:48.166 parsl.dataflow.dflow:452 [INFO]  Task 3 launched on executor threads
2019-12-28 07:32:48.167 parsl.dataflow.dflow:484 [DEBUG]  Adding output dependencies
2019-12-28 07:32:48.167 parsl.dataflow.dflow:708 [INFO]  Task 4 submitted for App rfClassifier, waiting on tasks []
2019-12-28 07:32:48.167 parsl.dataflow.dflow:714 [DEBUG]  Task 4 set to pending state with AppFuture: <AppFuture super=<AppFuture at 0x7f237b083358 state=pending>>
2019-12-28 07:32:48.167 parsl.dataflow.dflow:452 [INFO]  Task 4 launched on executor threads
2019-12-28 07:32:48.167 parsl.dataflow.dflow:484 [DEBUG]  Adding output dependencies
2019-12-28 07:32:48.167 parsl.dataflow.dflow:708 [INFO]  Task 5 submitted for App rfClassifier, waiting on tasks []
2019-12-28 07:32:48.167 parsl.dataflow.dflow:714 [DEBUG]  Task 5 set to pending state with AppFuture: <AppFuture super=<AppFuture at 0x7f237b083e80 state=pending>>
2019-12-28 07:32:48.168 parsl.dataflow.dflow:452 [INFO]  Task 5 launched on executor threads
2019-12-28 07:32:48.168 parsl.dataflow.dflow:484 [DEBUG]  Adding output dependencies
2019-12-28 07:32:48.168 parsl.dataflow.dflow:708 [INFO]  Task 6 submitted for App rfClassifier, waiting on tasks []
2019-12-28 07:32:48.168 parsl.dataflow.dflow:714 [DEBUG]  Task 6 set to pending state with AppFuture: <AppFuture super=<AppFuture at 0x7f237b098438 state=pending>>
2019-12-28 07:32:48.168 parsl.dataflow.dflow:452 [INFO]  Task 6 launched on executor threads
2019-12-28 07:32:48.168 parsl.dataflow.dflow:484 [DEBUG]  Adding output dependencies
2019-12-28 07:32:48.168 parsl.dataflow.dflow:708 [INFO]  Task 7 submitted for App rfClassifier, waiting on tasks []
2019-12-28 07:32:48.168 parsl.dataflow.dflow:714 [DEBUG]  Task 7 set to pending state with AppFuture: <AppFuture super=<AppFuture at 0x7f237b0986a0 state=pending>>
2019-12-28 07:32:48.168 parsl.dataflow.dflow:452 [INFO]  Task 7 launched on executor threads
2019-12-28 07:32:48.168 parsl.dataflow.dflow:484 [DEBUG]  Adding output dependencies
2019-12-28 07:32:48.168 parsl.dataflow.dflow:708 [INFO]  Task 8 submitted for App rfClassifier, waiting on tasks []
2019-12-28 07:32:48.168 parsl.dataflow.dflow:714 [DEBUG]  Task 8 set to pending state with AppFuture: <AppFuture super=<AppFuture at 0x7f237b0989b0 state=pending>>
2019-12-28 07:32:48.169 parsl.dataflow.dflow:452 [INFO]  Task 8 launched on executor threads
2019-12-28 07:32:48.169 parsl.dataflow.dflow:484 [DEBUG]  Adding output dependencies
2019-12-28 07:32:48.169 parsl.dataflow.dflow:708 [INFO]  Task 9 submitted for App rfClassifier, waiting on tasks []
2019-12-28 07:32:48.169 parsl.dataflow.dflow:714 [DEBUG]  Task 9 set to pending state with AppFuture: <AppFuture super=<AppFuture at 0x7f237b098400 state=pending>>
2019-12-28 07:32:48.169 parsl.dataflow.dflow:452 [INFO]  Task 9 launched on executor threads
2019-12-28 07:32:48.169 parsl.dataflow.dflow:484 [DEBUG]  Adding output dependencies
2019-12-28 07:32:48.169 parsl.dataflow.dflow:708 [INFO]  Task 10 submitted for App rfClassifier, waiting on tasks []
2019-12-28 07:32:48.170 parsl.dataflow.dflow:714 [DEBUG]  Task 10 set to pending state with AppFuture: <AppFuture super=<AppFuture at 0x7f237b098c88 state=pending>>
2019-12-28 07:32:48.170 parsl.dataflow.dflow:452 [INFO]  Task 10 launched on executor threads
2019-12-28 07:32:48.170 parsl.dataflow.dflow:484 [DEBUG]  Adding output dependencies
2019-12-28 07:32:48.170 parsl.dataflow.dflow:708 [INFO]  Task 11 submitted for App rfClassifier, waiting on tasks []
2019-12-28 07:32:48.170 parsl.dataflow.dflow:714 [DEBUG]  Task 11 set to pending state with AppFuture: <AppFuture super=<AppFuture at 0x7f237b0a3128 state=pending>>
2019-12-28 07:32:48.170 parsl.dataflow.dflow:452 [INFO]  Task 11 launched on executor threads
2019-12-28 07:32:48.170 parsl.dataflow.dflow:484 [DEBUG]  Adding output dependencies
2019-12-28 07:32:48.170 parsl.dataflow.dflow:708 [INFO]  Task 12 submitted for App rfClassifier, waiting on tasks []
2019-12-28 07:32:48.170 parsl.dataflow.dflow:714 [DEBUG]  Task 12 set to pending state with AppFuture: <AppFuture super=<AppFuture at 0x7f237b098f98 state=pending>>
2019-12-28 07:32:48.170 parsl.dataflow.dflow:452 [INFO]  Task 12 launched on executor threads
2019-12-28 07:32:48.171 parsl.dataflow.dflow:484 [DEBUG]  Adding output dependencies
2019-12-28 07:32:48.171 parsl.dataflow.dflow:708 [INFO]  Task 13 submitted for App rfClassifier, waiting on tasks []
2019-12-28 07:32:48.171 parsl.dataflow.dflow:714 [DEBUG]  Task 13 set to pending state with AppFuture: <AppFuture super=<AppFuture at 0x7f237b0a33c8 state=pending>>
2019-12-28 07:32:48.171 parsl.dataflow.dflow:452 [INFO]  Task 13 launched on executor threads
2019-12-28 07:32:48.171 parsl.dataflow.dflow:484 [DEBUG]  Adding output dependencies
2019-12-28 07:32:48.171 parsl.dataflow.dflow:708 [INFO]  Task 14 submitted for App rfClassifier, waiting on tasks []
2019-12-28 07:32:48.171 parsl.dataflow.dflow:714 [DEBUG]  Task 14 set to pending state with AppFuture: <AppFuture super=<AppFuture at 0x7f237b0a3550 state=pending>>
2019-12-28 07:32:48.171 parsl.dataflow.dflow:452 [INFO]  Task 14 launched on executor threads
2019-12-28 07:32:48.172 parsl.dataflow.dflow:484 [DEBUG]  Adding output dependencies
2019-12-28 07:32:48.172 parsl.dataflow.dflow:708 [INFO]  Task 15 submitted for App rfClassifier, waiting on tasks []
2019-12-28 07:32:48.172 parsl.dataflow.dflow:714 [DEBUG]  Task 15 set to pending state with AppFuture: <AppFuture super=<AppFuture at 0x7f237b0a3940 state=pending>>
2019-12-28 07:32:48.172 parsl.dataflow.dflow:452 [INFO]  Task 15 launched on executor threads
2019-12-28 07:32:48.172 parsl.dataflow.dflow:484 [DEBUG]  Adding output dependencies
2019-12-28 07:32:48.172 parsl.dataflow.dflow:708 [INFO]  Task 16 submitted for App rfClassifier, waiting on tasks []
2019-12-28 07:32:48.172 parsl.dataflow.dflow:714 [DEBUG]  Task 16 set to pending state with AppFuture: <AppFuture super=<AppFuture at 0x7f237b0a3668 state=pending>>
2019-12-28 07:32:48.172 parsl.dataflow.dflow:452 [INFO]  Task 16 launched on executor threads
2019-12-28 07:32:48.172 parsl.dataflow.dflow:484 [DEBUG]  Adding output dependencies
2019-12-28 07:32:48.173 parsl.dataflow.dflow:708 [INFO]  Task 17 submitted for App rfClassifier, waiting on tasks []
2019-12-28 07:32:48.173 parsl.dataflow.dflow:714 [DEBUG]  Task 17 set to pending state with AppFuture: <AppFuture super=<AppFuture at 0x7f237b0a3780 state=pending>>
2019-12-28 07:32:48.173 parsl.dataflow.dflow:452 [INFO]  Task 17 launched on executor threads
2019-12-28 07:32:48.173 parsl.dataflow.dflow:484 [DEBUG]  Adding output dependencies
2019-12-28 07:32:48.173 parsl.dataflow.dflow:708 [INFO]  Task 18 submitted for App rfClassifier, waiting on tasks []
2019-12-28 07:32:48.173 parsl.dataflow.dflow:714 [DEBUG]  Task 18 set to pending state with AppFuture: <AppFuture super=<AppFuture at 0x7f237b0aaac8 state=pending>>
2019-12-28 07:32:48.173 parsl.dataflow.dflow:452 [INFO]  Task 18 launched on executor threads
2019-12-28 07:32:48.173 parsl.dataflow.dflow:484 [DEBUG]  Adding output dependencies
2019-12-28 07:32:48.174 parsl.dataflow.dflow:708 [INFO]  Task 19 submitted for App rfClassifier, waiting on tasks []
2019-12-28 07:32:48.174 parsl.dataflow.dflow:714 [DEBUG]  Task 19 set to pending state with AppFuture: <AppFuture super=<AppFuture at 0x7f237b0aad30 state=pending>>
2019-12-28 07:32:48.174 parsl.dataflow.dflow:452 [INFO]  Task 19 launched on executor threads
2019-12-28 07:32:48.832 parsl.dataflow.dflow:288 [INFO]  Task 1 completed
2019-12-28 07:32:48.838 parsl.dataflow.dflow:288 [INFO]  Task 0 completed
2019-12-28 07:32:49.086 parsl.dataflow.dflow:288 [INFO]  Task 3 completed
2019-12-28 07:32:49.091 parsl.dataflow.dflow:288 [INFO]  Task 2 completed
2019-12-28 07:32:49.327 parsl.dataflow.dflow:288 [INFO]  Task 5 completed
2019-12-28 07:32:49.361 parsl.dataflow.dflow:288 [INFO]  Task 4 completed
2019-12-28 07:32:49.564 parsl.dataflow.dflow:288 [INFO]  Task 6 completed
2019-12-28 07:32:49.568 parsl.dataflow.dflow:288 [INFO]  Task 7 completed
2019-12-28 07:32:49.805 parsl.dataflow.dflow:288 [INFO]  Task 8 completed
2019-12-28 07:32:49.808 parsl.dataflow.dflow:288 [INFO]  Task 9 completed
2019-12-28 07:32:50.047 parsl.dataflow.dflow:288 [INFO]  Task 10 completed
2019-12-28 07:32:50.052 parsl.dataflow.dflow:288 [INFO]  Task 11 completed
2019-12-28 07:32:50.294 parsl.dataflow.dflow:288 [INFO]  Task 12 completed
2019-12-28 07:32:50.296 parsl.dataflow.dflow:288 [INFO]  Task 13 completed
2019-12-28 07:32:50.539 parsl.dataflow.dflow:288 [INFO]  Task 14 completed
2019-12-28 07:32:50.541 parsl.dataflow.dflow:288 [INFO]  Task 15 completed
2019-12-28 07:32:50.791 parsl.dataflow.dflow:288 [INFO]  Task 16 completed
2019-12-28 07:32:50.832 parsl.dataflow.dflow:288 [INFO]  Task 17 completed
2019-12-28 07:32:51.044 parsl.dataflow.dflow:288 [INFO]  Task 18 completed
2019-12-28 07:32:51.049 parsl.dataflow.dflow:288 [INFO]  Task 19 completed
2019-12-28 07:32:51.051 parsl.dataflow.dflow:864 [INFO]  DFK cleanup initiated
2019-12-28 07:32:51.051 parsl.dataflow.dflow:750 [INFO]  Summary of tasks in DFK:
2019-12-28 07:32:51.051 parsl.dataflow.dflow:781 [INFO]  Tasks in state States.done: 0, 1, 2, 3, 4, 5, 6, 7, 8, 9, 10, 11, 12, 13, 14, 15, 16, 17, 18, 19
2019-12-28 07:32:51.051 parsl.dataflow.dflow:788 [INFO]  End of summary
2019-12-28 07:32:51.052 parsl.dataflow.dflow:888 [INFO]  Terminating flow_control and strategy threads
2019-12-28 07:32:51.052 parsl.executors.threads:96 [DEBUG]  Done with executor shutdown
2019-12-28 07:32:51.052 parsl.executors.threads:96 [DEBUG]  Done with executor shutdown
2019-12-28 07:32:51.052 parsl.dataflow.dflow:920 [INFO]  DFK cleanup complete
