2019-12-28 07:39:02.700 parsl.dataflow.dflow:83 [DEBUG]  Starting DataFlowKernel with config
Config(
    app_cache=True, 
    checkpoint_files=None, 
    checkpoint_mode=None, 
    checkpoint_period=None, 
    data_management_max_threads=10, 
    executors=[ThreadPoolExecutor(
        label='threads', 
        managed=True, 
        max_threads=2, 
        storage_access=None, 
        thread_name_prefix='', 
        working_dir=None
    )], 
    initialize_logging=True, 
    lazy_errors=True, 
    max_idletime=120.0, 
    monitoring=None, 
    retries=0, 
    run_dir='runinfo', 
    strategy='simple', 
    usage_tracking=False
)
2019-12-28 07:39:02.700 parsl.dataflow.dflow:84 [INFO]  Parsl version: 0.9.0
2019-12-28 07:39:02.701 parsl.dataflow.usage_tracking.usage:126 [DEBUG]  Tracking status: False
2019-12-28 07:39:02.701 parsl.dataflow.usage_tracking.usage:127 [DEBUG]  Testing mode   : False
2019-12-28 07:39:02.701 parsl.dataflow.dflow:110 [INFO]  Run id is: 238e8567-a5f2-4f04-9cc2-a0a79ea1f0fd
2019-12-28 07:39:02.755 parsl.dataflow.memoization:52 [INFO]  App caching initialized
2019-12-28 07:39:02.756 parsl.dataflow.strategy:125 [DEBUG]  Scaling strategy: simple
2019-12-28 07:39:03.041 parsl.dataflow.dflow:484 [DEBUG]  Adding output dependencies
2019-12-28 07:39:03.041 parsl.dataflow.dflow:708 [INFO]  Task 0 submitted for App rfClassifier, waiting on tasks []
2019-12-28 07:39:03.041 parsl.dataflow.dflow:714 [DEBUG]  Task 0 set to pending state with AppFuture: <AppFuture super=<AppFuture at 0x7f71e8cfe780 state=pending>>
2019-12-28 07:39:03.043 parsl.dataflow.dflow:452 [INFO]  Task 0 launched on executor threads
2019-12-28 07:39:03.043 parsl.dataflow.dflow:484 [DEBUG]  Adding output dependencies
2019-12-28 07:39:03.043 parsl.dataflow.dflow:708 [INFO]  Task 1 submitted for App rfClassifier, waiting on tasks []
2019-12-28 07:39:03.043 parsl.dataflow.dflow:714 [DEBUG]  Task 1 set to pending state with AppFuture: <AppFuture super=<AppFuture at 0x7f71d29436d8 state=pending>>
2019-12-28 07:39:03.043 parsl.dataflow.dflow:452 [INFO]  Task 1 launched on executor threads
2019-12-28 07:39:03.043 parsl.dataflow.dflow:484 [DEBUG]  Adding output dependencies
2019-12-28 07:39:03.044 parsl.dataflow.dflow:708 [INFO]  Task 2 submitted for App rfClassifier, waiting on tasks []
2019-12-28 07:39:03.044 parsl.dataflow.dflow:714 [DEBUG]  Task 2 set to pending state with AppFuture: <AppFuture super=<AppFuture at 0x7f71d2943978 state=pending>>
2019-12-28 07:39:03.044 parsl.dataflow.dflow:452 [INFO]  Task 2 launched on executor threads
2019-12-28 07:39:03.044 parsl.dataflow.dflow:484 [DEBUG]  Adding output dependencies
2019-12-28 07:39:03.044 parsl.dataflow.dflow:708 [INFO]  Task 3 submitted for App rfClassifier, waiting on tasks []
2019-12-28 07:39:03.044 parsl.dataflow.dflow:714 [DEBUG]  Task 3 set to pending state with AppFuture: <AppFuture super=<AppFuture at 0x7f71d2943b70 state=pending>>
2019-12-28 07:39:03.045 parsl.dataflow.dflow:452 [INFO]  Task 3 launched on executor threads
2019-12-28 07:39:03.045 parsl.dataflow.dflow:484 [DEBUG]  Adding output dependencies
2019-12-28 07:39:03.045 parsl.dataflow.dflow:708 [INFO]  Task 4 submitted for App rfClassifier, waiting on tasks []
2019-12-28 07:39:03.045 parsl.dataflow.dflow:714 [DEBUG]  Task 4 set to pending state with AppFuture: <AppFuture super=<AppFuture at 0x7f71d2943668 state=pending>>
2019-12-28 07:39:03.045 parsl.dataflow.dflow:452 [INFO]  Task 4 launched on executor threads
2019-12-28 07:39:03.045 parsl.dataflow.dflow:484 [DEBUG]  Adding output dependencies
2019-12-28 07:39:03.045 parsl.dataflow.dflow:708 [INFO]  Task 5 submitted for App rfClassifier, waiting on tasks []
2019-12-28 07:39:03.045 parsl.dataflow.dflow:714 [DEBUG]  Task 5 set to pending state with AppFuture: <AppFuture super=<AppFuture at 0x7f71d29592b0 state=pending>>
2019-12-28 07:39:03.045 parsl.dataflow.dflow:452 [INFO]  Task 5 launched on executor threads
2019-12-28 07:39:03.046 parsl.dataflow.dflow:484 [DEBUG]  Adding output dependencies
2019-12-28 07:39:03.046 parsl.dataflow.dflow:708 [INFO]  Task 6 submitted for App rfClassifier, waiting on tasks []
2019-12-28 07:39:03.046 parsl.dataflow.dflow:714 [DEBUG]  Task 6 set to pending state with AppFuture: <AppFuture super=<AppFuture at 0x7f71d29594a8 state=pending>>
2019-12-28 07:39:03.046 parsl.dataflow.dflow:452 [INFO]  Task 6 launched on executor threads
2019-12-28 07:39:03.046 parsl.dataflow.dflow:484 [DEBUG]  Adding output dependencies
2019-12-28 07:39:03.046 parsl.dataflow.dflow:708 [INFO]  Task 7 submitted for App rfClassifier, waiting on tasks []
2019-12-28 07:39:03.046 parsl.dataflow.dflow:714 [DEBUG]  Task 7 set to pending state with AppFuture: <AppFuture super=<AppFuture at 0x7f71d2959ba8 state=pending>>
2019-12-28 07:39:03.047 parsl.dataflow.dflow:452 [INFO]  Task 7 launched on executor threads
2019-12-28 07:39:03.047 parsl.dataflow.dflow:484 [DEBUG]  Adding output dependencies
2019-12-28 07:39:03.047 parsl.dataflow.dflow:708 [INFO]  Task 8 submitted for App rfClassifier, waiting on tasks []
2019-12-28 07:39:03.047 parsl.dataflow.dflow:714 [DEBUG]  Task 8 set to pending state with AppFuture: <AppFuture super=<AppFuture at 0x7f71d2959dd8 state=pending>>
2019-12-28 07:39:03.047 parsl.dataflow.dflow:452 [INFO]  Task 8 launched on executor threads
2019-12-28 07:39:03.047 parsl.dataflow.dflow:484 [DEBUG]  Adding output dependencies
2019-12-28 07:39:03.047 parsl.dataflow.dflow:708 [INFO]  Task 9 submitted for App rfClassifier, waiting on tasks []
2019-12-28 07:39:03.047 parsl.dataflow.dflow:714 [DEBUG]  Task 9 set to pending state with AppFuture: <AppFuture super=<AppFuture at 0x7f71d2959a58 state=pending>>
2019-12-28 07:39:03.048 parsl.dataflow.dflow:452 [INFO]  Task 9 launched on executor threads
2019-12-28 07:39:03.048 parsl.dataflow.dflow:484 [DEBUG]  Adding output dependencies
2019-12-28 07:39:03.048 parsl.dataflow.dflow:708 [INFO]  Task 10 submitted for App rfClassifier, waiting on tasks []
2019-12-28 07:39:03.048 parsl.dataflow.dflow:714 [DEBUG]  Task 10 set to pending state with AppFuture: <AppFuture super=<AppFuture at 0x7f71d2959fd0 state=pending>>
2019-12-28 07:39:03.049 parsl.dataflow.dflow:452 [INFO]  Task 10 launched on executor threads
2019-12-28 07:39:03.049 parsl.dataflow.dflow:484 [DEBUG]  Adding output dependencies
2019-12-28 07:39:03.049 parsl.dataflow.dflow:708 [INFO]  Task 11 submitted for App rfClassifier, waiting on tasks []
2019-12-28 07:39:03.049 parsl.dataflow.dflow:714 [DEBUG]  Task 11 set to pending state with AppFuture: <AppFuture super=<AppFuture at 0x7f71d29690b8 state=pending>>
2019-12-28 07:39:03.049 parsl.dataflow.dflow:452 [INFO]  Task 11 launched on executor threads
2019-12-28 07:39:03.050 parsl.dataflow.dflow:484 [DEBUG]  Adding output dependencies
2019-12-28 07:39:03.050 parsl.dataflow.dflow:708 [INFO]  Task 12 submitted for App rfClassifier, waiting on tasks []
2019-12-28 07:39:03.050 parsl.dataflow.dflow:714 [DEBUG]  Task 12 set to pending state with AppFuture: <AppFuture super=<AppFuture at 0x7f71d2969278 state=pending>>
2019-12-28 07:39:03.050 parsl.dataflow.dflow:452 [INFO]  Task 12 launched on executor threads
2019-12-28 07:39:03.051 parsl.dataflow.dflow:484 [DEBUG]  Adding output dependencies
2019-12-28 07:39:03.051 parsl.dataflow.dflow:708 [INFO]  Task 13 submitted for App rfClassifier, waiting on tasks []
2019-12-28 07:39:03.051 parsl.dataflow.dflow:714 [DEBUG]  Task 13 set to pending state with AppFuture: <AppFuture super=<AppFuture at 0x7f71d12c9208 state=pending>>
2019-12-28 07:39:03.051 parsl.dataflow.dflow:452 [INFO]  Task 13 launched on executor threads
2019-12-28 07:39:03.051 parsl.dataflow.dflow:484 [DEBUG]  Adding output dependencies
2019-12-28 07:39:03.051 parsl.dataflow.dflow:708 [INFO]  Task 14 submitted for App rfClassifier, waiting on tasks []
2019-12-28 07:39:03.051 parsl.dataflow.dflow:714 [DEBUG]  Task 14 set to pending state with AppFuture: <AppFuture super=<AppFuture at 0x7f71d12c9390 state=pending>>
2019-12-28 07:39:03.051 parsl.dataflow.dflow:452 [INFO]  Task 14 launched on executor threads
2019-12-28 07:39:03.051 parsl.dataflow.dflow:484 [DEBUG]  Adding output dependencies
2019-12-28 07:39:03.051 parsl.dataflow.dflow:708 [INFO]  Task 15 submitted for App rfClassifier, waiting on tasks []
2019-12-28 07:39:03.052 parsl.dataflow.dflow:714 [DEBUG]  Task 15 set to pending state with AppFuture: <AppFuture super=<AppFuture at 0x7f71d12c94a8 state=pending>>
2019-12-28 07:39:03.052 parsl.dataflow.dflow:452 [INFO]  Task 15 launched on executor threads
2019-12-28 07:39:03.052 parsl.dataflow.dflow:484 [DEBUG]  Adding output dependencies
2019-12-28 07:39:03.052 parsl.dataflow.dflow:708 [INFO]  Task 16 submitted for App rfClassifier, waiting on tasks []
2019-12-28 07:39:03.053 parsl.dataflow.dflow:714 [DEBUG]  Task 16 set to pending state with AppFuture: <AppFuture super=<AppFuture at 0x7f71d12c9b38 state=pending>>
2019-12-28 07:39:03.053 parsl.dataflow.dflow:452 [INFO]  Task 16 launched on executor threads
2019-12-28 07:39:03.053 parsl.dataflow.dflow:484 [DEBUG]  Adding output dependencies
2019-12-28 07:39:03.053 parsl.dataflow.dflow:708 [INFO]  Task 17 submitted for App rfClassifier, waiting on tasks []
2019-12-28 07:39:03.053 parsl.dataflow.dflow:714 [DEBUG]  Task 17 set to pending state with AppFuture: <AppFuture super=<AppFuture at 0x7f71d12c9e80 state=pending>>
2019-12-28 07:39:03.053 parsl.dataflow.dflow:452 [INFO]  Task 17 launched on executor threads
2019-12-28 07:39:03.053 parsl.dataflow.dflow:484 [DEBUG]  Adding output dependencies
2019-12-28 07:39:03.053 parsl.dataflow.dflow:708 [INFO]  Task 18 submitted for App rfClassifier, waiting on tasks []
2019-12-28 07:39:03.053 parsl.dataflow.dflow:714 [DEBUG]  Task 18 set to pending state with AppFuture: <AppFuture super=<AppFuture at 0x7f71d12c9a20 state=pending>>
2019-12-28 07:39:03.053 parsl.dataflow.dflow:452 [INFO]  Task 18 launched on executor threads
2019-12-28 07:39:03.053 parsl.dataflow.dflow:484 [DEBUG]  Adding output dependencies
2019-12-28 07:39:03.053 parsl.dataflow.dflow:708 [INFO]  Task 19 submitted for App rfClassifier, waiting on tasks []
2019-12-28 07:39:03.054 parsl.dataflow.dflow:714 [DEBUG]  Task 19 set to pending state with AppFuture: <AppFuture super=<AppFuture at 0x7f71d12d1320 state=pending>>
2019-12-28 07:39:03.054 parsl.dataflow.dflow:452 [INFO]  Task 19 launched on executor threads
2019-12-28 07:39:03.599 parsl.dataflow.dflow:288 [INFO]  Task 0 completed
2019-12-28 07:39:03.640 parsl.dataflow.dflow:288 [INFO]  Task 1 completed
2019-12-28 07:39:03.831 parsl.dataflow.dflow:288 [INFO]  Task 2 completed
2019-12-28 07:39:03.867 parsl.dataflow.dflow:288 [INFO]  Task 3 completed
2019-12-28 07:39:04.068 parsl.dataflow.dflow:288 [INFO]  Task 4 completed
2019-12-28 07:39:04.111 parsl.dataflow.dflow:288 [INFO]  Task 5 completed
2019-12-28 07:39:04.315 parsl.dataflow.dflow:288 [INFO]  Task 7 completed
2019-12-28 07:39:04.318 parsl.dataflow.dflow:288 [INFO]  Task 6 completed
2019-12-28 07:39:04.556 parsl.dataflow.dflow:288 [INFO]  Task 8 completed
2019-12-28 07:39:04.562 parsl.dataflow.dflow:288 [INFO]  Task 9 completed
2019-12-28 07:39:04.802 parsl.dataflow.dflow:288 [INFO]  Task 11 completed
2019-12-28 07:39:04.806 parsl.dataflow.dflow:288 [INFO]  Task 10 completed
2019-12-28 07:39:05.050 parsl.dataflow.dflow:288 [INFO]  Task 13 completed
2019-12-28 07:39:05.055 parsl.dataflow.dflow:288 [INFO]  Task 12 completed
2019-12-28 07:39:05.299 parsl.dataflow.dflow:288 [INFO]  Task 14 completed
2019-12-28 07:39:05.345 parsl.dataflow.dflow:288 [INFO]  Task 15 completed
2019-12-28 07:39:05.553 parsl.dataflow.dflow:288 [INFO]  Task 16 completed
2019-12-28 07:39:05.600 parsl.dataflow.dflow:288 [INFO]  Task 17 completed
2019-12-28 07:39:05.810 parsl.dataflow.dflow:288 [INFO]  Task 18 completed
2019-12-28 07:39:05.817 parsl.dataflow.dflow:288 [INFO]  Task 19 completed
2019-12-28 07:39:05.819 parsl.dataflow.dflow:864 [INFO]  DFK cleanup initiated
2019-12-28 07:39:05.819 parsl.dataflow.dflow:750 [INFO]  Summary of tasks in DFK:
2019-12-28 07:39:05.819 parsl.dataflow.dflow:781 [INFO]  Tasks in state States.done: 0, 1, 2, 3, 4, 5, 6, 7, 8, 9, 10, 11, 12, 13, 14, 15, 16, 17, 18, 19
2019-12-28 07:39:05.819 parsl.dataflow.dflow:788 [INFO]  End of summary
2019-12-28 07:39:05.819 parsl.dataflow.dflow:888 [INFO]  Terminating flow_control and strategy threads
2019-12-28 07:39:05.819 parsl.executors.threads:96 [DEBUG]  Done with executor shutdown
2019-12-28 07:39:05.819 parsl.executors.threads:96 [DEBUG]  Done with executor shutdown
2019-12-28 07:39:05.820 parsl.dataflow.dflow:920 [INFO]  DFK cleanup complete
