2019-12-28 07:38:58.853 parsl.dataflow.dflow:83 [DEBUG]  Starting DataFlowKernel with config
Config(
    app_cache=True, 
    checkpoint_files=None, 
    checkpoint_mode=None, 
    checkpoint_period=None, 
    data_management_max_threads=10, 
    executors=[ThreadPoolExecutor(
        label='threads', 
        managed=True, 
        max_threads=2, 
        storage_access=None, 
        thread_name_prefix='', 
        working_dir=None
    )], 
    initialize_logging=True, 
    lazy_errors=True, 
    max_idletime=120.0, 
    monitoring=None, 
    retries=0, 
    run_dir='runinfo', 
    strategy='simple', 
    usage_tracking=False
)
2019-12-28 07:38:58.853 parsl.dataflow.dflow:84 [INFO]  Parsl version: 0.9.0
2019-12-28 07:38:58.853 parsl.dataflow.usage_tracking.usage:126 [DEBUG]  Tracking status: False
2019-12-28 07:38:58.853 parsl.dataflow.usage_tracking.usage:127 [DEBUG]  Testing mode   : False
2019-12-28 07:38:58.853 parsl.dataflow.dflow:110 [INFO]  Run id is: 4f48f962-05b2-4f9c-8403-c974a46f8155
2019-12-28 07:38:58.906 parsl.dataflow.memoization:52 [INFO]  App caching initialized
2019-12-28 07:38:58.906 parsl.dataflow.strategy:125 [DEBUG]  Scaling strategy: simple
2019-12-28 07:38:59.187 parsl.dataflow.dflow:484 [DEBUG]  Adding output dependencies
2019-12-28 07:38:59.187 parsl.dataflow.dflow:708 [INFO]  Task 0 submitted for App rfClassifier, waiting on tasks []
2019-12-28 07:38:59.187 parsl.dataflow.dflow:714 [DEBUG]  Task 0 set to pending state with AppFuture: <AppFuture super=<AppFuture at 0x7f3d1c67b748 state=pending>>
2019-12-28 07:38:59.188 parsl.dataflow.dflow:452 [INFO]  Task 0 launched on executor threads
2019-12-28 07:38:59.188 parsl.dataflow.dflow:484 [DEBUG]  Adding output dependencies
2019-12-28 07:38:59.188 parsl.dataflow.dflow:708 [INFO]  Task 1 submitted for App rfClassifier, waiting on tasks []
2019-12-28 07:38:59.188 parsl.dataflow.dflow:714 [DEBUG]  Task 1 set to pending state with AppFuture: <AppFuture super=<AppFuture at 0x7f3d062df6a0 state=pending>>
2019-12-28 07:38:59.189 parsl.dataflow.dflow:452 [INFO]  Task 1 launched on executor threads
2019-12-28 07:38:59.189 parsl.dataflow.dflow:484 [DEBUG]  Adding output dependencies
2019-12-28 07:38:59.189 parsl.dataflow.dflow:708 [INFO]  Task 2 submitted for App rfClassifier, waiting on tasks []
2019-12-28 07:38:59.189 parsl.dataflow.dflow:714 [DEBUG]  Task 2 set to pending state with AppFuture: <AppFuture super=<AppFuture at 0x7f3d062df940 state=pending>>
2019-12-28 07:38:59.189 parsl.dataflow.dflow:452 [INFO]  Task 2 launched on executor threads
2019-12-28 07:38:59.189 parsl.dataflow.dflow:484 [DEBUG]  Adding output dependencies
2019-12-28 07:38:59.189 parsl.dataflow.dflow:708 [INFO]  Task 3 submitted for App rfClassifier, waiting on tasks []
2019-12-28 07:38:59.189 parsl.dataflow.dflow:714 [DEBUG]  Task 3 set to pending state with AppFuture: <AppFuture super=<AppFuture at 0x7f3d062dfac8 state=pending>>
2019-12-28 07:38:59.189 parsl.dataflow.dflow:452 [INFO]  Task 3 launched on executor threads
2019-12-28 07:38:59.190 parsl.dataflow.dflow:484 [DEBUG]  Adding output dependencies
2019-12-28 07:38:59.190 parsl.dataflow.dflow:708 [INFO]  Task 4 submitted for App rfClassifier, waiting on tasks []
2019-12-28 07:38:59.190 parsl.dataflow.dflow:714 [DEBUG]  Task 4 set to pending state with AppFuture: <AppFuture super=<AppFuture at 0x7f3d062dfd30 state=pending>>
2019-12-28 07:38:59.190 parsl.dataflow.dflow:452 [INFO]  Task 4 launched on executor threads
2019-12-28 07:38:59.190 parsl.dataflow.dflow:484 [DEBUG]  Adding output dependencies
2019-12-28 07:38:59.190 parsl.dataflow.dflow:708 [INFO]  Task 5 submitted for App rfClassifier, waiting on tasks []
2019-12-28 07:38:59.190 parsl.dataflow.dflow:714 [DEBUG]  Task 5 set to pending state with AppFuture: <AppFuture super=<AppFuture at 0x7f3d062df4e0 state=pending>>
2019-12-28 07:38:59.190 parsl.dataflow.dflow:452 [INFO]  Task 5 launched on executor threads
2019-12-28 07:38:59.190 parsl.dataflow.dflow:484 [DEBUG]  Adding output dependencies
2019-12-28 07:38:59.190 parsl.dataflow.dflow:708 [INFO]  Task 6 submitted for App rfClassifier, waiting on tasks []
2019-12-28 07:38:59.190 parsl.dataflow.dflow:714 [DEBUG]  Task 6 set to pending state with AppFuture: <AppFuture super=<AppFuture at 0x7f3d062dff28 state=pending>>
2019-12-28 07:38:59.190 parsl.dataflow.dflow:452 [INFO]  Task 6 launched on executor threads
2019-12-28 07:38:59.191 parsl.dataflow.dflow:484 [DEBUG]  Adding output dependencies
2019-12-28 07:38:59.191 parsl.dataflow.dflow:708 [INFO]  Task 7 submitted for App rfClassifier, waiting on tasks []
2019-12-28 07:38:59.191 parsl.dataflow.dflow:714 [DEBUG]  Task 7 set to pending state with AppFuture: <AppFuture super=<AppFuture at 0x7f3d062f40f0 state=pending>>
2019-12-28 07:38:59.191 parsl.dataflow.dflow:452 [INFO]  Task 7 launched on executor threads
2019-12-28 07:38:59.191 parsl.dataflow.dflow:484 [DEBUG]  Adding output dependencies
2019-12-28 07:38:59.191 parsl.dataflow.dflow:708 [INFO]  Task 8 submitted for App rfClassifier, waiting on tasks []
2019-12-28 07:38:59.191 parsl.dataflow.dflow:714 [DEBUG]  Task 8 set to pending state with AppFuture: <AppFuture super=<AppFuture at 0x7f3d062f42e8 state=pending>>
2019-12-28 07:38:59.192 parsl.dataflow.dflow:452 [INFO]  Task 8 launched on executor threads
2019-12-28 07:38:59.192 parsl.dataflow.dflow:484 [DEBUG]  Adding output dependencies
2019-12-28 07:38:59.192 parsl.dataflow.dflow:708 [INFO]  Task 9 submitted for App rfClassifier, waiting on tasks []
2019-12-28 07:38:59.192 parsl.dataflow.dflow:714 [DEBUG]  Task 9 set to pending state with AppFuture: <AppFuture super=<AppFuture at 0x7f3d062f4898 state=pending>>
2019-12-28 07:38:59.192 parsl.dataflow.dflow:452 [INFO]  Task 9 launched on executor threads
2019-12-28 07:38:59.192 parsl.dataflow.dflow:484 [DEBUG]  Adding output dependencies
2019-12-28 07:38:59.192 parsl.dataflow.dflow:708 [INFO]  Task 10 submitted for App rfClassifier, waiting on tasks []
2019-12-28 07:38:59.192 parsl.dataflow.dflow:714 [DEBUG]  Task 10 set to pending state with AppFuture: <AppFuture super=<AppFuture at 0x7f3d062f4b00 state=pending>>
2019-12-28 07:38:59.192 parsl.dataflow.dflow:452 [INFO]  Task 10 launched on executor threads
2019-12-28 07:38:59.192 parsl.dataflow.dflow:484 [DEBUG]  Adding output dependencies
2019-12-28 07:38:59.192 parsl.dataflow.dflow:708 [INFO]  Task 11 submitted for App rfClassifier, waiting on tasks []
2019-12-28 07:38:59.192 parsl.dataflow.dflow:714 [DEBUG]  Task 11 set to pending state with AppFuture: <AppFuture super=<AppFuture at 0x7f3d062f4d30 state=pending>>
2019-12-28 07:38:59.193 parsl.dataflow.dflow:452 [INFO]  Task 11 launched on executor threads
2019-12-28 07:38:59.193 parsl.dataflow.dflow:484 [DEBUG]  Adding output dependencies
2019-12-28 07:38:59.193 parsl.dataflow.dflow:708 [INFO]  Task 12 submitted for App rfClassifier, waiting on tasks []
2019-12-28 07:38:59.193 parsl.dataflow.dflow:714 [DEBUG]  Task 12 set to pending state with AppFuture: <AppFuture super=<AppFuture at 0x7f3d062f4f98 state=pending>>
2019-12-28 07:38:59.193 parsl.dataflow.dflow:452 [INFO]  Task 12 launched on executor threads
2019-12-28 07:38:59.193 parsl.dataflow.dflow:484 [DEBUG]  Adding output dependencies
2019-12-28 07:38:59.193 parsl.dataflow.dflow:708 [INFO]  Task 13 submitted for App rfClassifier, waiting on tasks []
2019-12-28 07:38:59.193 parsl.dataflow.dflow:714 [DEBUG]  Task 13 set to pending state with AppFuture: <AppFuture super=<AppFuture at 0x7f3d062fe0f0 state=pending>>
2019-12-28 07:38:59.194 parsl.dataflow.dflow:452 [INFO]  Task 13 launched on executor threads
2019-12-28 07:38:59.194 parsl.dataflow.dflow:484 [DEBUG]  Adding output dependencies
2019-12-28 07:38:59.194 parsl.dataflow.dflow:708 [INFO]  Task 14 submitted for App rfClassifier, waiting on tasks []
2019-12-28 07:38:59.194 parsl.dataflow.dflow:714 [DEBUG]  Task 14 set to pending state with AppFuture: <AppFuture super=<AppFuture at 0x7f3d062fe550 state=pending>>
2019-12-28 07:38:59.194 parsl.dataflow.dflow:452 [INFO]  Task 14 launched on executor threads
2019-12-28 07:38:59.194 parsl.dataflow.dflow:484 [DEBUG]  Adding output dependencies
2019-12-28 07:38:59.194 parsl.dataflow.dflow:708 [INFO]  Task 15 submitted for App rfClassifier, waiting on tasks []
2019-12-28 07:38:59.194 parsl.dataflow.dflow:714 [DEBUG]  Task 15 set to pending state with AppFuture: <AppFuture super=<AppFuture at 0x7f3d062fe518 state=pending>>
2019-12-28 07:38:59.194 parsl.dataflow.dflow:452 [INFO]  Task 15 launched on executor threads
2019-12-28 07:38:59.194 parsl.dataflow.dflow:484 [DEBUG]  Adding output dependencies
2019-12-28 07:38:59.194 parsl.dataflow.dflow:708 [INFO]  Task 16 submitted for App rfClassifier, waiting on tasks []
2019-12-28 07:38:59.194 parsl.dataflow.dflow:714 [DEBUG]  Task 16 set to pending state with AppFuture: <AppFuture super=<AppFuture at 0x7f3d062fea58 state=pending>>
2019-12-28 07:38:59.194 parsl.dataflow.dflow:452 [INFO]  Task 16 launched on executor threads
2019-12-28 07:38:59.195 parsl.dataflow.dflow:484 [DEBUG]  Adding output dependencies
2019-12-28 07:38:59.195 parsl.dataflow.dflow:708 [INFO]  Task 17 submitted for App rfClassifier, waiting on tasks []
2019-12-28 07:38:59.195 parsl.dataflow.dflow:714 [DEBUG]  Task 17 set to pending state with AppFuture: <AppFuture super=<AppFuture at 0x7f3d062febe0 state=pending>>
2019-12-28 07:38:59.195 parsl.dataflow.dflow:452 [INFO]  Task 17 launched on executor threads
2019-12-28 07:38:59.195 parsl.dataflow.dflow:484 [DEBUG]  Adding output dependencies
2019-12-28 07:38:59.195 parsl.dataflow.dflow:708 [INFO]  Task 18 submitted for App rfClassifier, waiting on tasks []
2019-12-28 07:38:59.195 parsl.dataflow.dflow:714 [DEBUG]  Task 18 set to pending state with AppFuture: <AppFuture super=<AppFuture at 0x7f3d062fe8d0 state=pending>>
2019-12-28 07:38:59.195 parsl.dataflow.dflow:452 [INFO]  Task 18 launched on executor threads
2019-12-28 07:38:59.195 parsl.dataflow.dflow:484 [DEBUG]  Adding output dependencies
2019-12-28 07:38:59.196 parsl.dataflow.dflow:708 [INFO]  Task 19 submitted for App rfClassifier, waiting on tasks []
2019-12-28 07:38:59.196 parsl.dataflow.dflow:714 [DEBUG]  Task 19 set to pending state with AppFuture: <AppFuture super=<AppFuture at 0x7f3d062fe7f0 state=pending>>
2019-12-28 07:38:59.196 parsl.dataflow.dflow:452 [INFO]  Task 19 launched on executor threads
2019-12-28 07:38:59.743 parsl.dataflow.dflow:288 [INFO]  Task 0 completed
2019-12-28 07:38:59.749 parsl.dataflow.dflow:288 [INFO]  Task 1 completed
2019-12-28 07:38:59.987 parsl.dataflow.dflow:288 [INFO]  Task 2 completed
2019-12-28 07:39:00.016 parsl.dataflow.dflow:288 [INFO]  Task 3 completed
2019-12-28 07:39:00.221 parsl.dataflow.dflow:288 [INFO]  Task 4 completed
2019-12-28 07:39:00.263 parsl.dataflow.dflow:288 [INFO]  Task 5 completed
2019-12-28 07:39:00.463 parsl.dataflow.dflow:288 [INFO]  Task 6 completed
2019-12-28 07:39:00.510 parsl.dataflow.dflow:288 [INFO]  Task 7 completed
2019-12-28 07:39:00.709 parsl.dataflow.dflow:288 [INFO]  Task 8 completed
2019-12-28 07:39:00.752 parsl.dataflow.dflow:288 [INFO]  Task 9 completed
2019-12-28 07:39:00.961 parsl.dataflow.dflow:288 [INFO]  Task 10 completed
2019-12-28 07:39:00.991 parsl.dataflow.dflow:288 [INFO]  Task 11 completed
2019-12-28 07:39:01.204 parsl.dataflow.dflow:288 [INFO]  Task 12 completed
2019-12-28 07:39:01.250 parsl.dataflow.dflow:288 [INFO]  Task 13 completed
2019-12-28 07:39:01.454 parsl.dataflow.dflow:288 [INFO]  Task 14 completed
2019-12-28 07:39:01.505 parsl.dataflow.dflow:288 [INFO]  Task 15 completed
2019-12-28 07:39:01.710 parsl.dataflow.dflow:288 [INFO]  Task 16 completed
2019-12-28 07:39:01.755 parsl.dataflow.dflow:288 [INFO]  Task 17 completed
2019-12-28 07:39:01.973 parsl.dataflow.dflow:288 [INFO]  Task 18 completed
2019-12-28 07:39:01.978 parsl.dataflow.dflow:288 [INFO]  Task 19 completed
2019-12-28 07:39:01.981 parsl.dataflow.dflow:864 [INFO]  DFK cleanup initiated
2019-12-28 07:39:01.981 parsl.dataflow.dflow:750 [INFO]  Summary of tasks in DFK:
2019-12-28 07:39:01.981 parsl.dataflow.dflow:781 [INFO]  Tasks in state States.done: 0, 1, 2, 3, 4, 5, 6, 7, 8, 9, 10, 11, 12, 13, 14, 15, 16, 17, 18, 19
2019-12-28 07:39:01.981 parsl.dataflow.dflow:788 [INFO]  End of summary
2019-12-28 07:39:01.982 parsl.dataflow.dflow:888 [INFO]  Terminating flow_control and strategy threads
2019-12-28 07:39:01.982 parsl.executors.threads:96 [DEBUG]  Done with executor shutdown
2019-12-28 07:39:01.982 parsl.executors.threads:96 [DEBUG]  Done with executor shutdown
2019-12-28 07:39:01.982 parsl.dataflow.dflow:920 [INFO]  DFK cleanup complete
