2019-12-28 07:32:43.738 parsl.dataflow.dflow:83 [DEBUG]  Starting DataFlowKernel with config
Config(
    app_cache=True, 
    checkpoint_files=None, 
    checkpoint_mode=None, 
    checkpoint_period=None, 
    data_management_max_threads=10, 
    executors=[ThreadPoolExecutor(
        label='threads', 
        managed=True, 
        max_threads=2, 
        storage_access=None, 
        thread_name_prefix='', 
        working_dir=None
    )], 
    initialize_logging=True, 
    lazy_errors=True, 
    max_idletime=120.0, 
    monitoring=None, 
    retries=0, 
    run_dir='runinfo', 
    strategy='simple', 
    usage_tracking=False
)
2019-12-28 07:32:43.739 parsl.dataflow.dflow:84 [INFO]  Parsl version: 0.9.0
2019-12-28 07:32:43.739 parsl.dataflow.usage_tracking.usage:126 [DEBUG]  Tracking status: False
2019-12-28 07:32:43.739 parsl.dataflow.usage_tracking.usage:127 [DEBUG]  Testing mode   : False
2019-12-28 07:32:43.739 parsl.dataflow.dflow:110 [INFO]  Run id is: d93ed4fa-e88e-4fe6-8e62-8a790bda6dea
2019-12-28 07:32:43.791 parsl.dataflow.memoization:52 [INFO]  App caching initialized
2019-12-28 07:32:43.792 parsl.dataflow.strategy:125 [DEBUG]  Scaling strategy: simple
2019-12-28 07:32:44.065 parsl.dataflow.dflow:484 [DEBUG]  Adding output dependencies
2019-12-28 07:32:44.065 parsl.dataflow.dflow:708 [INFO]  Task 0 submitted for App rfClassifier, waiting on tasks []
2019-12-28 07:32:44.065 parsl.dataflow.dflow:714 [DEBUG]  Task 0 set to pending state with AppFuture: <AppFuture super=<AppFuture at 0x7f6721d37748 state=pending>>
2019-12-28 07:32:44.066 parsl.dataflow.dflow:452 [INFO]  Task 0 launched on executor threads
2019-12-28 07:32:44.066 parsl.dataflow.dflow:484 [DEBUG]  Adding output dependencies
2019-12-28 07:32:44.067 parsl.dataflow.dflow:708 [INFO]  Task 1 submitted for App rfClassifier, waiting on tasks []
2019-12-28 07:32:44.067 parsl.dataflow.dflow:714 [DEBUG]  Task 1 set to pending state with AppFuture: <AppFuture super=<AppFuture at 0x7f670b984438 state=pending>>
2019-12-28 07:32:44.067 parsl.dataflow.dflow:452 [INFO]  Task 1 launched on executor threads
2019-12-28 07:32:44.067 parsl.dataflow.dflow:484 [DEBUG]  Adding output dependencies
2019-12-28 07:32:44.067 parsl.dataflow.dflow:708 [INFO]  Task 2 submitted for App rfClassifier, waiting on tasks []
2019-12-28 07:32:44.067 parsl.dataflow.dflow:714 [DEBUG]  Task 2 set to pending state with AppFuture: <AppFuture super=<AppFuture at 0x7f670b984908 state=pending>>
2019-12-28 07:32:44.067 parsl.dataflow.dflow:452 [INFO]  Task 2 launched on executor threads
2019-12-28 07:32:44.067 parsl.dataflow.dflow:484 [DEBUG]  Adding output dependencies
2019-12-28 07:32:44.068 parsl.dataflow.dflow:708 [INFO]  Task 3 submitted for App rfClassifier, waiting on tasks []
2019-12-28 07:32:44.068 parsl.dataflow.dflow:714 [DEBUG]  Task 3 set to pending state with AppFuture: <AppFuture super=<AppFuture at 0x7f670b984ac8 state=pending>>
2019-12-28 07:32:44.068 parsl.dataflow.dflow:452 [INFO]  Task 3 launched on executor threads
2019-12-28 07:32:44.068 parsl.dataflow.dflow:484 [DEBUG]  Adding output dependencies
2019-12-28 07:32:44.069 parsl.dataflow.dflow:708 [INFO]  Task 4 submitted for App rfClassifier, waiting on tasks []
2019-12-28 07:32:44.069 parsl.dataflow.dflow:714 [DEBUG]  Task 4 set to pending state with AppFuture: <AppFuture super=<AppFuture at 0x7f670b984d68 state=pending>>
2019-12-28 07:32:44.069 parsl.dataflow.dflow:452 [INFO]  Task 4 launched on executor threads
2019-12-28 07:32:44.069 parsl.dataflow.dflow:484 [DEBUG]  Adding output dependencies
2019-12-28 07:32:44.069 parsl.dataflow.dflow:708 [INFO]  Task 5 submitted for App rfClassifier, waiting on tasks []
2019-12-28 07:32:44.069 parsl.dataflow.dflow:714 [DEBUG]  Task 5 set to pending state with AppFuture: <AppFuture super=<AppFuture at 0x7f670b999278 state=pending>>
2019-12-28 07:32:44.069 parsl.dataflow.dflow:452 [INFO]  Task 5 launched on executor threads
2019-12-28 07:32:44.069 parsl.dataflow.dflow:484 [DEBUG]  Adding output dependencies
2019-12-28 07:32:44.069 parsl.dataflow.dflow:708 [INFO]  Task 6 submitted for App rfClassifier, waiting on tasks []
2019-12-28 07:32:44.069 parsl.dataflow.dflow:714 [DEBUG]  Task 6 set to pending state with AppFuture: <AppFuture super=<AppFuture at 0x7f670b999400 state=pending>>
2019-12-28 07:32:44.070 parsl.dataflow.dflow:452 [INFO]  Task 6 launched on executor threads
2019-12-28 07:32:44.070 parsl.dataflow.dflow:484 [DEBUG]  Adding output dependencies
2019-12-28 07:32:44.070 parsl.dataflow.dflow:708 [INFO]  Task 7 submitted for App rfClassifier, waiting on tasks []
2019-12-28 07:32:44.070 parsl.dataflow.dflow:714 [DEBUG]  Task 7 set to pending state with AppFuture: <AppFuture super=<AppFuture at 0x7f670b9999e8 state=pending>>
2019-12-28 07:32:44.070 parsl.dataflow.dflow:452 [INFO]  Task 7 launched on executor threads
2019-12-28 07:32:44.070 parsl.dataflow.dflow:484 [DEBUG]  Adding output dependencies
2019-12-28 07:32:44.070 parsl.dataflow.dflow:708 [INFO]  Task 8 submitted for App rfClassifier, waiting on tasks []
2019-12-28 07:32:44.071 parsl.dataflow.dflow:714 [DEBUG]  Task 8 set to pending state with AppFuture: <AppFuture super=<AppFuture at 0x7f670b999dd8 state=pending>>
2019-12-28 07:32:44.071 parsl.dataflow.dflow:452 [INFO]  Task 8 launched on executor threads
2019-12-28 07:32:44.071 parsl.dataflow.dflow:484 [DEBUG]  Adding output dependencies
2019-12-28 07:32:44.071 parsl.dataflow.dflow:708 [INFO]  Task 9 submitted for App rfClassifier, waiting on tasks []
2019-12-28 07:32:44.071 parsl.dataflow.dflow:714 [DEBUG]  Task 9 set to pending state with AppFuture: <AppFuture super=<AppFuture at 0x7f670b999ba8 state=pending>>
2019-12-28 07:32:44.071 parsl.dataflow.dflow:452 [INFO]  Task 9 launched on executor threads
2019-12-28 07:32:44.071 parsl.dataflow.dflow:484 [DEBUG]  Adding output dependencies
2019-12-28 07:32:44.071 parsl.dataflow.dflow:708 [INFO]  Task 10 submitted for App rfClassifier, waiting on tasks []
2019-12-28 07:32:44.071 parsl.dataflow.dflow:714 [DEBUG]  Task 10 set to pending state with AppFuture: <AppFuture super=<AppFuture at 0x7f670b999f98 state=pending>>
2019-12-28 07:32:44.071 parsl.dataflow.dflow:452 [INFO]  Task 10 launched on executor threads
2019-12-28 07:32:44.072 parsl.dataflow.dflow:484 [DEBUG]  Adding output dependencies
2019-12-28 07:32:44.072 parsl.dataflow.dflow:708 [INFO]  Task 11 submitted for App rfClassifier, waiting on tasks []
2019-12-28 07:32:44.072 parsl.dataflow.dflow:714 [DEBUG]  Task 11 set to pending state with AppFuture: <AppFuture super=<AppFuture at 0x7f670b9a9160 state=pending>>
2019-12-28 07:32:44.072 parsl.dataflow.dflow:452 [INFO]  Task 11 launched on executor threads
2019-12-28 07:32:44.072 parsl.dataflow.dflow:484 [DEBUG]  Adding output dependencies
2019-12-28 07:32:44.072 parsl.dataflow.dflow:708 [INFO]  Task 12 submitted for App rfClassifier, waiting on tasks []
2019-12-28 07:32:44.072 parsl.dataflow.dflow:714 [DEBUG]  Task 12 set to pending state with AppFuture: <AppFuture super=<AppFuture at 0x7f670b9a9208 state=pending>>
2019-12-28 07:32:44.072 parsl.dataflow.dflow:452 [INFO]  Task 12 launched on executor threads
2019-12-28 07:32:44.072 parsl.dataflow.dflow:484 [DEBUG]  Adding output dependencies
2019-12-28 07:32:44.072 parsl.dataflow.dflow:708 [INFO]  Task 13 submitted for App rfClassifier, waiting on tasks []
2019-12-28 07:32:44.072 parsl.dataflow.dflow:714 [DEBUG]  Task 13 set to pending state with AppFuture: <AppFuture super=<AppFuture at 0x7f670a308160 state=pending>>
2019-12-28 07:32:44.073 parsl.dataflow.dflow:452 [INFO]  Task 13 launched on executor threads
2019-12-28 07:32:44.073 parsl.dataflow.dflow:484 [DEBUG]  Adding output dependencies
2019-12-28 07:32:44.073 parsl.dataflow.dflow:708 [INFO]  Task 14 submitted for App rfClassifier, waiting on tasks []
2019-12-28 07:32:44.073 parsl.dataflow.dflow:714 [DEBUG]  Task 14 set to pending state with AppFuture: <AppFuture super=<AppFuture at 0x7f670a308320 state=pending>>
2019-12-28 07:32:44.073 parsl.dataflow.dflow:452 [INFO]  Task 14 launched on executor threads
2019-12-28 07:32:44.073 parsl.dataflow.dflow:484 [DEBUG]  Adding output dependencies
2019-12-28 07:32:44.073 parsl.dataflow.dflow:708 [INFO]  Task 15 submitted for App rfClassifier, waiting on tasks []
2019-12-28 07:32:44.074 parsl.dataflow.dflow:714 [DEBUG]  Task 15 set to pending state with AppFuture: <AppFuture super=<AppFuture at 0x7f670a3083c8 state=pending>>
2019-12-28 07:32:44.074 parsl.dataflow.dflow:452 [INFO]  Task 15 launched on executor threads
2019-12-28 07:32:44.074 parsl.dataflow.dflow:484 [DEBUG]  Adding output dependencies
2019-12-28 07:32:44.074 parsl.dataflow.dflow:708 [INFO]  Task 16 submitted for App rfClassifier, waiting on tasks []
2019-12-28 07:32:44.074 parsl.dataflow.dflow:714 [DEBUG]  Task 16 set to pending state with AppFuture: <AppFuture super=<AppFuture at 0x7f670a308b00 state=pending>>
2019-12-28 07:32:44.074 parsl.dataflow.dflow:452 [INFO]  Task 16 launched on executor threads
2019-12-28 07:32:44.074 parsl.dataflow.dflow:484 [DEBUG]  Adding output dependencies
2019-12-28 07:32:44.074 parsl.dataflow.dflow:708 [INFO]  Task 17 submitted for App rfClassifier, waiting on tasks []
2019-12-28 07:32:44.074 parsl.dataflow.dflow:714 [DEBUG]  Task 17 set to pending state with AppFuture: <AppFuture super=<AppFuture at 0x7f670a308da0 state=pending>>
2019-12-28 07:32:44.074 parsl.dataflow.dflow:452 [INFO]  Task 17 launched on executor threads
2019-12-28 07:32:44.074 parsl.dataflow.dflow:484 [DEBUG]  Adding output dependencies
2019-12-28 07:32:44.074 parsl.dataflow.dflow:708 [INFO]  Task 18 submitted for App rfClassifier, waiting on tasks []
2019-12-28 07:32:44.075 parsl.dataflow.dflow:714 [DEBUG]  Task 18 set to pending state with AppFuture: <AppFuture super=<AppFuture at 0x7f670a30f160 state=pending>>
2019-12-28 07:32:44.075 parsl.dataflow.dflow:452 [INFO]  Task 18 launched on executor threads
2019-12-28 07:32:44.075 parsl.dataflow.dflow:484 [DEBUG]  Adding output dependencies
2019-12-28 07:32:44.075 parsl.dataflow.dflow:708 [INFO]  Task 19 submitted for App rfClassifier, waiting on tasks []
2019-12-28 07:32:44.075 parsl.dataflow.dflow:714 [DEBUG]  Task 19 set to pending state with AppFuture: <AppFuture super=<AppFuture at 0x7f670a30f208 state=pending>>
2019-12-28 07:32:44.075 parsl.dataflow.dflow:452 [INFO]  Task 19 launched on executor threads
2019-12-28 07:32:44.594 parsl.dataflow.dflow:288 [INFO]  Task 1 completed
2019-12-28 07:32:44.598 parsl.dataflow.dflow:288 [INFO]  Task 0 completed
2019-12-28 07:32:44.812 parsl.dataflow.dflow:288 [INFO]  Task 2 completed
2019-12-28 07:32:44.815 parsl.dataflow.dflow:288 [INFO]  Task 3 completed
2019-12-28 07:32:45.040 parsl.dataflow.dflow:288 [INFO]  Task 5 completed
2019-12-28 07:32:45.043 parsl.dataflow.dflow:288 [INFO]  Task 4 completed
2019-12-28 07:32:45.261 parsl.dataflow.dflow:288 [INFO]  Task 6 completed
2019-12-28 07:32:45.266 parsl.dataflow.dflow:288 [INFO]  Task 7 completed
2019-12-28 07:32:45.534 parsl.dataflow.dflow:288 [INFO]  Task 9 completed
2019-12-28 07:32:45.550 parsl.dataflow.dflow:288 [INFO]  Task 8 completed
2019-12-28 07:32:45.836 parsl.dataflow.dflow:288 [INFO]  Task 10 completed
2019-12-28 07:32:45.894 parsl.dataflow.dflow:288 [INFO]  Task 11 completed
2019-12-28 07:32:46.155 parsl.dataflow.dflow:288 [INFO]  Task 12 completed
2019-12-28 07:32:46.221 parsl.dataflow.dflow:288 [INFO]  Task 13 completed
2019-12-28 07:32:46.465 parsl.dataflow.dflow:288 [INFO]  Task 14 completed
2019-12-28 07:32:46.502 parsl.dataflow.dflow:288 [INFO]  Task 15 completed
2019-12-28 07:32:46.772 parsl.dataflow.dflow:288 [INFO]  Task 17 completed
2019-12-28 07:32:46.830 parsl.dataflow.dflow:288 [INFO]  Task 16 completed
2019-12-28 07:32:47.089 parsl.dataflow.dflow:288 [INFO]  Task 18 completed
2019-12-28 07:32:47.092 parsl.dataflow.dflow:288 [INFO]  Task 19 completed
2019-12-28 07:32:47.094 parsl.dataflow.dflow:864 [INFO]  DFK cleanup initiated
2019-12-28 07:32:47.094 parsl.dataflow.dflow:750 [INFO]  Summary of tasks in DFK:
2019-12-28 07:32:47.094 parsl.dataflow.dflow:781 [INFO]  Tasks in state States.done: 0, 1, 2, 3, 4, 5, 6, 7, 8, 9, 10, 11, 12, 13, 14, 15, 16, 17, 18, 19
2019-12-28 07:32:47.094 parsl.dataflow.dflow:788 [INFO]  End of summary
2019-12-28 07:32:47.094 parsl.dataflow.dflow:888 [INFO]  Terminating flow_control and strategy threads
2019-12-28 07:32:47.094 parsl.executors.threads:96 [DEBUG]  Done with executor shutdown
2019-12-28 07:32:47.094 parsl.executors.threads:96 [DEBUG]  Done with executor shutdown
2019-12-28 07:32:47.095 parsl.dataflow.dflow:920 [INFO]  DFK cleanup complete
