2019-12-28 07:38:43.513 parsl.dataflow.dflow:83 [DEBUG]  Starting DataFlowKernel with config
Config(
    app_cache=True, 
    checkpoint_files=None, 
    checkpoint_mode=None, 
    checkpoint_period=None, 
    data_management_max_threads=10, 
    executors=[ThreadPoolExecutor(
        label='threads', 
        managed=True, 
        max_threads=2, 
        storage_access=None, 
        thread_name_prefix='', 
        working_dir=None
    )], 
    initialize_logging=True, 
    lazy_errors=True, 
    max_idletime=120.0, 
    monitoring=None, 
    retries=0, 
    run_dir='runinfo', 
    strategy='simple', 
    usage_tracking=False
)
2019-12-28 07:38:43.514 parsl.dataflow.dflow:84 [INFO]  Parsl version: 0.9.0
2019-12-28 07:38:43.514 parsl.dataflow.usage_tracking.usage:126 [DEBUG]  Tracking status: False
2019-12-28 07:38:43.514 parsl.dataflow.usage_tracking.usage:127 [DEBUG]  Testing mode   : False
2019-12-28 07:38:43.514 parsl.dataflow.dflow:110 [INFO]  Run id is: 1fbedf21-de6c-4f3a-8aec-8fc118893ed7
2019-12-28 07:38:43.568 parsl.dataflow.memoization:52 [INFO]  App caching initialized
2019-12-28 07:38:43.568 parsl.dataflow.strategy:125 [DEBUG]  Scaling strategy: simple
2019-12-28 07:38:43.856 parsl.dataflow.dflow:484 [DEBUG]  Adding output dependencies
2019-12-28 07:38:43.856 parsl.dataflow.dflow:708 [INFO]  Task 0 submitted for App rfClassifier, waiting on tasks []
2019-12-28 07:38:43.856 parsl.dataflow.dflow:714 [DEBUG]  Task 0 set to pending state with AppFuture: <AppFuture super=<AppFuture at 0x7f7408c1a748 state=pending>>
2019-12-28 07:38:43.857 parsl.dataflow.dflow:452 [INFO]  Task 0 launched on executor threads
2019-12-28 07:38:43.857 parsl.dataflow.dflow:484 [DEBUG]  Adding output dependencies
2019-12-28 07:38:43.857 parsl.dataflow.dflow:708 [INFO]  Task 1 submitted for App rfClassifier, waiting on tasks []
2019-12-28 07:38:43.857 parsl.dataflow.dflow:714 [DEBUG]  Task 1 set to pending state with AppFuture: <AppFuture super=<AppFuture at 0x7f73f2883668 state=pending>>
2019-12-28 07:38:43.857 parsl.dataflow.dflow:452 [INFO]  Task 1 launched on executor threads
2019-12-28 07:38:43.858 parsl.dataflow.dflow:484 [DEBUG]  Adding output dependencies
2019-12-28 07:38:43.858 parsl.dataflow.dflow:708 [INFO]  Task 2 submitted for App rfClassifier, waiting on tasks []
2019-12-28 07:38:43.858 parsl.dataflow.dflow:714 [DEBUG]  Task 2 set to pending state with AppFuture: <AppFuture super=<AppFuture at 0x7f73f28838d0 state=pending>>
2019-12-28 07:38:43.859 parsl.dataflow.dflow:452 [INFO]  Task 2 launched on executor threads
2019-12-28 07:38:43.859 parsl.dataflow.dflow:484 [DEBUG]  Adding output dependencies
2019-12-28 07:38:43.859 parsl.dataflow.dflow:708 [INFO]  Task 3 submitted for App rfClassifier, waiting on tasks []
2019-12-28 07:38:43.859 parsl.dataflow.dflow:714 [DEBUG]  Task 3 set to pending state with AppFuture: <AppFuture super=<AppFuture at 0x7f73f2883b70 state=pending>>
2019-12-28 07:38:43.860 parsl.dataflow.dflow:452 [INFO]  Task 3 launched on executor threads
2019-12-28 07:38:43.860 parsl.dataflow.dflow:484 [DEBUG]  Adding output dependencies
2019-12-28 07:38:43.860 parsl.dataflow.dflow:708 [INFO]  Task 4 submitted for App rfClassifier, waiting on tasks []
2019-12-28 07:38:43.860 parsl.dataflow.dflow:714 [DEBUG]  Task 4 set to pending state with AppFuture: <AppFuture super=<AppFuture at 0x7f73f2883f28 state=pending>>
2019-12-28 07:38:43.860 parsl.dataflow.dflow:452 [INFO]  Task 4 launched on executor threads
2019-12-28 07:38:43.860 parsl.dataflow.dflow:484 [DEBUG]  Adding output dependencies
2019-12-28 07:38:43.860 parsl.dataflow.dflow:708 [INFO]  Task 5 submitted for App rfClassifier, waiting on tasks []
2019-12-28 07:38:43.860 parsl.dataflow.dflow:714 [DEBUG]  Task 5 set to pending state with AppFuture: <AppFuture super=<AppFuture at 0x7f73f2898208 state=pending>>
2019-12-28 07:38:43.860 parsl.dataflow.dflow:452 [INFO]  Task 5 launched on executor threads
2019-12-28 07:38:43.860 parsl.dataflow.dflow:484 [DEBUG]  Adding output dependencies
2019-12-28 07:38:43.860 parsl.dataflow.dflow:708 [INFO]  Task 6 submitted for App rfClassifier, waiting on tasks []
2019-12-28 07:38:43.860 parsl.dataflow.dflow:714 [DEBUG]  Task 6 set to pending state with AppFuture: <AppFuture super=<AppFuture at 0x7f73f2898438 state=pending>>
2019-12-28 07:38:43.861 parsl.dataflow.dflow:452 [INFO]  Task 6 launched on executor threads
2019-12-28 07:38:43.861 parsl.dataflow.dflow:484 [DEBUG]  Adding output dependencies
2019-12-28 07:38:43.861 parsl.dataflow.dflow:708 [INFO]  Task 7 submitted for App rfClassifier, waiting on tasks []
2019-12-28 07:38:43.861 parsl.dataflow.dflow:714 [DEBUG]  Task 7 set to pending state with AppFuture: <AppFuture super=<AppFuture at 0x7f73f2883eb8 state=pending>>
2019-12-28 07:38:43.861 parsl.dataflow.dflow:452 [INFO]  Task 7 launched on executor threads
2019-12-28 07:38:43.861 parsl.dataflow.dflow:484 [DEBUG]  Adding output dependencies
2019-12-28 07:38:43.862 parsl.dataflow.dflow:708 [INFO]  Task 8 submitted for App rfClassifier, waiting on tasks []
2019-12-28 07:38:43.862 parsl.dataflow.dflow:714 [DEBUG]  Task 8 set to pending state with AppFuture: <AppFuture super=<AppFuture at 0x7f73f2898898 state=pending>>
2019-12-28 07:38:43.862 parsl.dataflow.dflow:452 [INFO]  Task 8 launched on executor threads
2019-12-28 07:38:43.862 parsl.dataflow.dflow:484 [DEBUG]  Adding output dependencies
2019-12-28 07:38:43.862 parsl.dataflow.dflow:708 [INFO]  Task 9 submitted for App rfClassifier, waiting on tasks []
2019-12-28 07:38:43.862 parsl.dataflow.dflow:714 [DEBUG]  Task 9 set to pending state with AppFuture: <AppFuture super=<AppFuture at 0x7f73f2898cf8 state=pending>>
2019-12-28 07:38:43.863 parsl.dataflow.dflow:452 [INFO]  Task 9 launched on executor threads
2019-12-28 07:38:43.863 parsl.dataflow.dflow:484 [DEBUG]  Adding output dependencies
2019-12-28 07:38:43.863 parsl.dataflow.dflow:708 [INFO]  Task 10 submitted for App rfClassifier, waiting on tasks []
2019-12-28 07:38:43.863 parsl.dataflow.dflow:714 [DEBUG]  Task 10 set to pending state with AppFuture: <AppFuture super=<AppFuture at 0x7f73f2898e10 state=pending>>
2019-12-28 07:38:43.863 parsl.dataflow.dflow:452 [INFO]  Task 10 launched on executor threads
2019-12-28 07:38:43.863 parsl.dataflow.dflow:484 [DEBUG]  Adding output dependencies
2019-12-28 07:38:43.863 parsl.dataflow.dflow:708 [INFO]  Task 11 submitted for App rfClassifier, waiting on tasks []
2019-12-28 07:38:43.863 parsl.dataflow.dflow:714 [DEBUG]  Task 11 set to pending state with AppFuture: <AppFuture super=<AppFuture at 0x7f73f28a2240 state=pending>>
2019-12-28 07:38:43.863 parsl.dataflow.dflow:452 [INFO]  Task 11 launched on executor threads
2019-12-28 07:38:43.863 parsl.dataflow.dflow:484 [DEBUG]  Adding output dependencies
2019-12-28 07:38:43.864 parsl.dataflow.dflow:708 [INFO]  Task 12 submitted for App rfClassifier, waiting on tasks []
2019-12-28 07:38:43.864 parsl.dataflow.dflow:714 [DEBUG]  Task 12 set to pending state with AppFuture: <AppFuture super=<AppFuture at 0x7f73f28a23c8 state=pending>>
2019-12-28 07:38:43.864 parsl.dataflow.dflow:452 [INFO]  Task 12 launched on executor threads
2019-12-28 07:38:43.864 parsl.dataflow.dflow:484 [DEBUG]  Adding output dependencies
2019-12-28 07:38:43.864 parsl.dataflow.dflow:708 [INFO]  Task 13 submitted for App rfClassifier, waiting on tasks []
2019-12-28 07:38:43.864 parsl.dataflow.dflow:714 [DEBUG]  Task 13 set to pending state with AppFuture: <AppFuture super=<AppFuture at 0x7f73f28a24a8 state=pending>>
2019-12-28 07:38:43.864 parsl.dataflow.dflow:452 [INFO]  Task 13 launched on executor threads
2019-12-28 07:38:43.865 parsl.dataflow.dflow:484 [DEBUG]  Adding output dependencies
2019-12-28 07:38:43.865 parsl.dataflow.dflow:708 [INFO]  Task 14 submitted for App rfClassifier, waiting on tasks []
2019-12-28 07:38:43.865 parsl.dataflow.dflow:714 [DEBUG]  Task 14 set to pending state with AppFuture: <AppFuture super=<AppFuture at 0x7f73f28a2588 state=pending>>
2019-12-28 07:38:43.865 parsl.dataflow.dflow:452 [INFO]  Task 14 launched on executor threads
2019-12-28 07:38:43.866 parsl.dataflow.dflow:484 [DEBUG]  Adding output dependencies
2019-12-28 07:38:43.866 parsl.dataflow.dflow:708 [INFO]  Task 15 submitted for App rfClassifier, waiting on tasks []
2019-12-28 07:38:43.866 parsl.dataflow.dflow:714 [DEBUG]  Task 15 set to pending state with AppFuture: <AppFuture super=<AppFuture at 0x7f73f28a96d8 state=pending>>
2019-12-28 07:38:43.866 parsl.dataflow.dflow:452 [INFO]  Task 15 launched on executor threads
2019-12-28 07:38:43.866 parsl.dataflow.dflow:484 [DEBUG]  Adding output dependencies
2019-12-28 07:38:43.866 parsl.dataflow.dflow:708 [INFO]  Task 16 submitted for App rfClassifier, waiting on tasks []
2019-12-28 07:38:43.866 parsl.dataflow.dflow:714 [DEBUG]  Task 16 set to pending state with AppFuture: <AppFuture super=<AppFuture at 0x7f73f28a98d0 state=pending>>
2019-12-28 07:38:43.866 parsl.dataflow.dflow:452 [INFO]  Task 16 launched on executor threads
2019-12-28 07:38:43.867 parsl.dataflow.dflow:484 [DEBUG]  Adding output dependencies
2019-12-28 07:38:43.867 parsl.dataflow.dflow:708 [INFO]  Task 17 submitted for App rfClassifier, waiting on tasks []
2019-12-28 07:38:43.867 parsl.dataflow.dflow:714 [DEBUG]  Task 17 set to pending state with AppFuture: <AppFuture super=<AppFuture at 0x7f73f28a99e8 state=pending>>
2019-12-28 07:38:43.867 parsl.dataflow.dflow:452 [INFO]  Task 17 launched on executor threads
2019-12-28 07:38:43.867 parsl.dataflow.dflow:484 [DEBUG]  Adding output dependencies
2019-12-28 07:38:43.867 parsl.dataflow.dflow:708 [INFO]  Task 18 submitted for App rfClassifier, waiting on tasks []
2019-12-28 07:38:43.867 parsl.dataflow.dflow:714 [DEBUG]  Task 18 set to pending state with AppFuture: <AppFuture super=<AppFuture at 0x7f73f28a9b38 state=pending>>
2019-12-28 07:38:43.867 parsl.dataflow.dflow:452 [INFO]  Task 18 launched on executor threads
2019-12-28 07:38:43.868 parsl.dataflow.dflow:484 [DEBUG]  Adding output dependencies
2019-12-28 07:38:43.868 parsl.dataflow.dflow:708 [INFO]  Task 19 submitted for App rfClassifier, waiting on tasks []
2019-12-28 07:38:43.868 parsl.dataflow.dflow:714 [DEBUG]  Task 19 set to pending state with AppFuture: <AppFuture super=<AppFuture at 0x7f73f1206a58 state=pending>>
2019-12-28 07:38:43.868 parsl.dataflow.dflow:452 [INFO]  Task 19 launched on executor threads
2019-12-28 07:38:44.416 parsl.dataflow.dflow:288 [INFO]  Task 1 completed
2019-12-28 07:38:44.454 parsl.dataflow.dflow:288 [INFO]  Task 0 completed
2019-12-28 07:38:44.652 parsl.dataflow.dflow:288 [INFO]  Task 2 completed
2019-12-28 07:38:44.694 parsl.dataflow.dflow:288 [INFO]  Task 3 completed
2019-12-28 07:38:44.888 parsl.dataflow.dflow:288 [INFO]  Task 4 completed
2019-12-28 07:38:44.935 parsl.dataflow.dflow:288 [INFO]  Task 5 completed
2019-12-28 07:38:45.130 parsl.dataflow.dflow:288 [INFO]  Task 6 completed
2019-12-28 07:38:45.182 parsl.dataflow.dflow:288 [INFO]  Task 7 completed
2019-12-28 07:38:45.379 parsl.dataflow.dflow:288 [INFO]  Task 8 completed
2019-12-28 07:38:45.435 parsl.dataflow.dflow:288 [INFO]  Task 9 completed
2019-12-28 07:38:45.621 parsl.dataflow.dflow:288 [INFO]  Task 10 completed
2019-12-28 07:38:45.683 parsl.dataflow.dflow:288 [INFO]  Task 11 completed
2019-12-28 07:38:45.862 parsl.dataflow.dflow:288 [INFO]  Task 12 completed
2019-12-28 07:38:45.935 parsl.dataflow.dflow:288 [INFO]  Task 13 completed
2019-12-28 07:38:46.114 parsl.dataflow.dflow:288 [INFO]  Task 14 completed
2019-12-28 07:38:46.190 parsl.dataflow.dflow:288 [INFO]  Task 15 completed
2019-12-28 07:38:46.363 parsl.dataflow.dflow:288 [INFO]  Task 16 completed
2019-12-28 07:38:46.450 parsl.dataflow.dflow:288 [INFO]  Task 17 completed
2019-12-28 07:38:46.620 parsl.dataflow.dflow:288 [INFO]  Task 18 completed
2019-12-28 07:38:46.646 parsl.dataflow.dflow:288 [INFO]  Task 19 completed
2019-12-28 07:38:46.647 parsl.dataflow.dflow:864 [INFO]  DFK cleanup initiated
2019-12-28 07:38:46.647 parsl.dataflow.dflow:750 [INFO]  Summary of tasks in DFK:
2019-12-28 07:38:46.648 parsl.dataflow.dflow:781 [INFO]  Tasks in state States.done: 0, 1, 2, 3, 4, 5, 6, 7, 8, 9, 10, 11, 12, 13, 14, 15, 16, 17, 18, 19
2019-12-28 07:38:46.648 parsl.dataflow.dflow:788 [INFO]  End of summary
2019-12-28 07:38:46.648 parsl.dataflow.dflow:888 [INFO]  Terminating flow_control and strategy threads
2019-12-28 07:38:46.648 parsl.executors.threads:96 [DEBUG]  Done with executor shutdown
2019-12-28 07:38:46.648 parsl.executors.threads:96 [DEBUG]  Done with executor shutdown
2019-12-28 07:38:46.648 parsl.dataflow.dflow:920 [INFO]  DFK cleanup complete
