2019-12-28 07:38:28.056 parsl.dataflow.dflow:83 [DEBUG]  Starting DataFlowKernel with config
Config(
    app_cache=True, 
    checkpoint_files=None, 
    checkpoint_mode=None, 
    checkpoint_period=None, 
    data_management_max_threads=10, 
    executors=[ThreadPoolExecutor(
        label='threads', 
        managed=True, 
        max_threads=2, 
        storage_access=None, 
        thread_name_prefix='', 
        working_dir=None
    )], 
    initialize_logging=True, 
    lazy_errors=True, 
    max_idletime=120.0, 
    monitoring=None, 
    retries=0, 
    run_dir='runinfo', 
    strategy='simple', 
    usage_tracking=False
)
2019-12-28 07:38:28.056 parsl.dataflow.dflow:84 [INFO]  Parsl version: 0.9.0
2019-12-28 07:38:28.056 parsl.dataflow.usage_tracking.usage:126 [DEBUG]  Tracking status: False
2019-12-28 07:38:28.056 parsl.dataflow.usage_tracking.usage:127 [DEBUG]  Testing mode   : False
2019-12-28 07:38:28.056 parsl.dataflow.dflow:110 [INFO]  Run id is: a1af7cc4-ece5-498a-8ce4-6681ef104db7
2019-12-28 07:38:28.110 parsl.dataflow.memoization:52 [INFO]  App caching initialized
2019-12-28 07:38:28.110 parsl.dataflow.strategy:125 [DEBUG]  Scaling strategy: simple
2019-12-28 07:38:28.392 parsl.dataflow.dflow:484 [DEBUG]  Adding output dependencies
2019-12-28 07:38:28.392 parsl.dataflow.dflow:708 [INFO]  Task 0 submitted for App rfClassifier, waiting on tasks []
2019-12-28 07:38:28.392 parsl.dataflow.dflow:714 [DEBUG]  Task 0 set to pending state with AppFuture: <AppFuture super=<AppFuture at 0x7f6a84dbd780 state=pending>>
2019-12-28 07:38:28.394 parsl.dataflow.dflow:452 [INFO]  Task 0 launched on executor threads
2019-12-28 07:38:28.394 parsl.dataflow.dflow:484 [DEBUG]  Adding output dependencies
2019-12-28 07:38:28.394 parsl.dataflow.dflow:708 [INFO]  Task 1 submitted for App rfClassifier, waiting on tasks []
2019-12-28 07:38:28.394 parsl.dataflow.dflow:714 [DEBUG]  Task 1 set to pending state with AppFuture: <AppFuture super=<AppFuture at 0x7f6a6ea026d8 state=pending>>
2019-12-28 07:38:28.394 parsl.dataflow.dflow:452 [INFO]  Task 1 launched on executor threads
2019-12-28 07:38:28.395 parsl.dataflow.dflow:484 [DEBUG]  Adding output dependencies
2019-12-28 07:38:28.395 parsl.dataflow.dflow:708 [INFO]  Task 2 submitted for App rfClassifier, waiting on tasks []
2019-12-28 07:38:28.395 parsl.dataflow.dflow:714 [DEBUG]  Task 2 set to pending state with AppFuture: <AppFuture super=<AppFuture at 0x7f6a6ea02978 state=pending>>
2019-12-28 07:38:28.395 parsl.dataflow.dflow:452 [INFO]  Task 2 launched on executor threads
2019-12-28 07:38:28.395 parsl.dataflow.dflow:484 [DEBUG]  Adding output dependencies
2019-12-28 07:38:28.395 parsl.dataflow.dflow:708 [INFO]  Task 3 submitted for App rfClassifier, waiting on tasks []
2019-12-28 07:38:28.396 parsl.dataflow.dflow:714 [DEBUG]  Task 3 set to pending state with AppFuture: <AppFuture super=<AppFuture at 0x7f6a6ea02a90 state=pending>>
2019-12-28 07:38:28.396 parsl.dataflow.dflow:452 [INFO]  Task 3 launched on executor threads
2019-12-28 07:38:28.396 parsl.dataflow.dflow:484 [DEBUG]  Adding output dependencies
2019-12-28 07:38:28.396 parsl.dataflow.dflow:708 [INFO]  Task 4 submitted for App rfClassifier, waiting on tasks []
2019-12-28 07:38:28.396 parsl.dataflow.dflow:714 [DEBUG]  Task 4 set to pending state with AppFuture: <AppFuture super=<AppFuture at 0x7f6a6ea17128 state=pending>>
2019-12-28 07:38:28.396 parsl.dataflow.dflow:452 [INFO]  Task 4 launched on executor threads
2019-12-28 07:38:28.396 parsl.dataflow.dflow:484 [DEBUG]  Adding output dependencies
2019-12-28 07:38:28.396 parsl.dataflow.dflow:708 [INFO]  Task 5 submitted for App rfClassifier, waiting on tasks []
2019-12-28 07:38:28.396 parsl.dataflow.dflow:714 [DEBUG]  Task 5 set to pending state with AppFuture: <AppFuture super=<AppFuture at 0x7f6a6ea17320 state=pending>>
2019-12-28 07:38:28.396 parsl.dataflow.dflow:452 [INFO]  Task 5 launched on executor threads
2019-12-28 07:38:28.396 parsl.dataflow.dflow:484 [DEBUG]  Adding output dependencies
2019-12-28 07:38:28.396 parsl.dataflow.dflow:708 [INFO]  Task 6 submitted for App rfClassifier, waiting on tasks []
2019-12-28 07:38:28.397 parsl.dataflow.dflow:714 [DEBUG]  Task 6 set to pending state with AppFuture: <AppFuture super=<AppFuture at 0x7f6a6ea174e0 state=pending>>
2019-12-28 07:38:28.397 parsl.dataflow.dflow:452 [INFO]  Task 6 launched on executor threads
2019-12-28 07:38:28.397 parsl.dataflow.dflow:484 [DEBUG]  Adding output dependencies
2019-12-28 07:38:28.397 parsl.dataflow.dflow:708 [INFO]  Task 7 submitted for App rfClassifier, waiting on tasks []
2019-12-28 07:38:28.397 parsl.dataflow.dflow:714 [DEBUG]  Task 7 set to pending state with AppFuture: <AppFuture super=<AppFuture at 0x7f6a6ea17828 state=pending>>
2019-12-28 07:38:28.397 parsl.dataflow.dflow:452 [INFO]  Task 7 launched on executor threads
2019-12-28 07:38:28.397 parsl.dataflow.dflow:484 [DEBUG]  Adding output dependencies
2019-12-28 07:38:28.397 parsl.dataflow.dflow:708 [INFO]  Task 8 submitted for App rfClassifier, waiting on tasks []
2019-12-28 07:38:28.397 parsl.dataflow.dflow:714 [DEBUG]  Task 8 set to pending state with AppFuture: <AppFuture super=<AppFuture at 0x7f6a6ea178d0 state=pending>>
2019-12-28 07:38:28.397 parsl.dataflow.dflow:452 [INFO]  Task 8 launched on executor threads
2019-12-28 07:38:28.398 parsl.dataflow.dflow:484 [DEBUG]  Adding output dependencies
2019-12-28 07:38:28.398 parsl.dataflow.dflow:708 [INFO]  Task 9 submitted for App rfClassifier, waiting on tasks []
2019-12-28 07:38:28.398 parsl.dataflow.dflow:714 [DEBUG]  Task 9 set to pending state with AppFuture: <AppFuture super=<AppFuture at 0x7f6a6ea17c18 state=pending>>
2019-12-28 07:38:28.398 parsl.dataflow.dflow:452 [INFO]  Task 9 launched on executor threads
2019-12-28 07:38:28.398 parsl.dataflow.dflow:484 [DEBUG]  Adding output dependencies
2019-12-28 07:38:28.398 parsl.dataflow.dflow:708 [INFO]  Task 10 submitted for App rfClassifier, waiting on tasks []
2019-12-28 07:38:28.398 parsl.dataflow.dflow:714 [DEBUG]  Task 10 set to pending state with AppFuture: <AppFuture super=<AppFuture at 0x7f6a6ea17cf8 state=pending>>
2019-12-28 07:38:28.398 parsl.dataflow.dflow:452 [INFO]  Task 10 launched on executor threads
2019-12-28 07:38:28.398 parsl.dataflow.dflow:484 [DEBUG]  Adding output dependencies
2019-12-28 07:38:28.398 parsl.dataflow.dflow:708 [INFO]  Task 11 submitted for App rfClassifier, waiting on tasks []
2019-12-28 07:38:28.398 parsl.dataflow.dflow:714 [DEBUG]  Task 11 set to pending state with AppFuture: <AppFuture super=<AppFuture at 0x7f6a6ea17e48 state=pending>>
2019-12-28 07:38:28.399 parsl.dataflow.dflow:452 [INFO]  Task 11 launched on executor threads
2019-12-28 07:38:28.399 parsl.dataflow.dflow:484 [DEBUG]  Adding output dependencies
2019-12-28 07:38:28.399 parsl.dataflow.dflow:708 [INFO]  Task 12 submitted for App rfClassifier, waiting on tasks []
2019-12-28 07:38:28.399 parsl.dataflow.dflow:714 [DEBUG]  Task 12 set to pending state with AppFuture: <AppFuture super=<AppFuture at 0x7f6a6ea17fd0 state=pending>>
2019-12-28 07:38:28.399 parsl.dataflow.dflow:452 [INFO]  Task 12 launched on executor threads
2019-12-28 07:38:28.399 parsl.dataflow.dflow:484 [DEBUG]  Adding output dependencies
2019-12-28 07:38:28.399 parsl.dataflow.dflow:708 [INFO]  Task 13 submitted for App rfClassifier, waiting on tasks []
2019-12-28 07:38:28.399 parsl.dataflow.dflow:714 [DEBUG]  Task 13 set to pending state with AppFuture: <AppFuture super=<AppFuture at 0x7f6a6ea22390 state=pending>>
2019-12-28 07:38:28.399 parsl.dataflow.dflow:452 [INFO]  Task 13 launched on executor threads
2019-12-28 07:38:28.399 parsl.dataflow.dflow:484 [DEBUG]  Adding output dependencies
2019-12-28 07:38:28.399 parsl.dataflow.dflow:708 [INFO]  Task 14 submitted for App rfClassifier, waiting on tasks []
2019-12-28 07:38:28.400 parsl.dataflow.dflow:714 [DEBUG]  Task 14 set to pending state with AppFuture: <AppFuture super=<AppFuture at 0x7f6a6ea225f8 state=pending>>
2019-12-28 07:38:28.400 parsl.dataflow.dflow:452 [INFO]  Task 14 launched on executor threads
2019-12-28 07:38:28.400 parsl.dataflow.dflow:484 [DEBUG]  Adding output dependencies
2019-12-28 07:38:28.400 parsl.dataflow.dflow:708 [INFO]  Task 15 submitted for App rfClassifier, waiting on tasks []
2019-12-28 07:38:28.401 parsl.dataflow.dflow:714 [DEBUG]  Task 15 set to pending state with AppFuture: <AppFuture super=<AppFuture at 0x7f6a6ea22550 state=pending>>
2019-12-28 07:38:28.401 parsl.dataflow.dflow:452 [INFO]  Task 15 launched on executor threads
2019-12-28 07:38:28.401 parsl.dataflow.dflow:484 [DEBUG]  Adding output dependencies
2019-12-28 07:38:28.401 parsl.dataflow.dflow:708 [INFO]  Task 16 submitted for App rfClassifier, waiting on tasks []
2019-12-28 07:38:28.401 parsl.dataflow.dflow:714 [DEBUG]  Task 16 set to pending state with AppFuture: <AppFuture super=<AppFuture at 0x7f6a6ea22ac8 state=pending>>
2019-12-28 07:38:28.401 parsl.dataflow.dflow:452 [INFO]  Task 16 launched on executor threads
2019-12-28 07:38:28.401 parsl.dataflow.dflow:484 [DEBUG]  Adding output dependencies
2019-12-28 07:38:28.401 parsl.dataflow.dflow:708 [INFO]  Task 17 submitted for App rfClassifier, waiting on tasks []
2019-12-28 07:38:28.401 parsl.dataflow.dflow:714 [DEBUG]  Task 17 set to pending state with AppFuture: <AppFuture super=<AppFuture at 0x7f6a6ea22c50 state=pending>>
2019-12-28 07:38:28.402 parsl.dataflow.dflow:452 [INFO]  Task 17 launched on executor threads
2019-12-28 07:38:28.402 parsl.dataflow.dflow:484 [DEBUG]  Adding output dependencies
2019-12-28 07:38:28.402 parsl.dataflow.dflow:708 [INFO]  Task 18 submitted for App rfClassifier, waiting on tasks []
2019-12-28 07:38:28.402 parsl.dataflow.dflow:714 [DEBUG]  Task 18 set to pending state with AppFuture: <AppFuture super=<AppFuture at 0x7f6a6ea22978 state=pending>>
2019-12-28 07:38:28.402 parsl.dataflow.dflow:452 [INFO]  Task 18 launched on executor threads
2019-12-28 07:38:28.402 parsl.dataflow.dflow:484 [DEBUG]  Adding output dependencies
2019-12-28 07:38:28.402 parsl.dataflow.dflow:708 [INFO]  Task 19 submitted for App rfClassifier, waiting on tasks []
2019-12-28 07:38:28.403 parsl.dataflow.dflow:714 [DEBUG]  Task 19 set to pending state with AppFuture: <AppFuture super=<AppFuture at 0x7f6a6ea22908 state=pending>>
2019-12-28 07:38:28.403 parsl.dataflow.dflow:452 [INFO]  Task 19 launched on executor threads
2019-12-28 07:38:28.946 parsl.dataflow.dflow:288 [INFO]  Task 0 completed
2019-12-28 07:38:28.987 parsl.dataflow.dflow:288 [INFO]  Task 1 completed
2019-12-28 07:38:29.181 parsl.dataflow.dflow:288 [INFO]  Task 2 completed
2019-12-28 07:38:29.187 parsl.dataflow.dflow:288 [INFO]  Task 3 completed
2019-12-28 07:38:29.420 parsl.dataflow.dflow:288 [INFO]  Task 4 completed
2019-12-28 07:38:29.423 parsl.dataflow.dflow:288 [INFO]  Task 5 completed
2019-12-28 07:38:29.658 parsl.dataflow.dflow:288 [INFO]  Task 6 completed
2019-12-28 07:38:29.663 parsl.dataflow.dflow:288 [INFO]  Task 7 completed
2019-12-28 07:38:29.901 parsl.dataflow.dflow:288 [INFO]  Task 8 completed
2019-12-28 07:38:29.906 parsl.dataflow.dflow:288 [INFO]  Task 9 completed
2019-12-28 07:38:30.148 parsl.dataflow.dflow:288 [INFO]  Task 10 completed
2019-12-28 07:38:30.153 parsl.dataflow.dflow:288 [INFO]  Task 11 completed
2019-12-28 07:38:30.397 parsl.dataflow.dflow:288 [INFO]  Task 12 completed
2019-12-28 07:38:30.402 parsl.dataflow.dflow:288 [INFO]  Task 13 completed
2019-12-28 07:38:30.666 parsl.dataflow.dflow:288 [INFO]  Task 14 completed
2019-12-28 07:38:30.709 parsl.dataflow.dflow:288 [INFO]  Task 15 completed
2019-12-28 07:38:30.921 parsl.dataflow.dflow:288 [INFO]  Task 16 completed
2019-12-28 07:38:30.967 parsl.dataflow.dflow:288 [INFO]  Task 17 completed
2019-12-28 07:38:31.184 parsl.dataflow.dflow:288 [INFO]  Task 18 completed
2019-12-28 07:38:31.188 parsl.dataflow.dflow:288 [INFO]  Task 19 completed
2019-12-28 07:38:31.190 parsl.dataflow.dflow:864 [INFO]  DFK cleanup initiated
2019-12-28 07:38:31.190 parsl.dataflow.dflow:750 [INFO]  Summary of tasks in DFK:
2019-12-28 07:38:31.190 parsl.dataflow.dflow:781 [INFO]  Tasks in state States.done: 0, 1, 2, 3, 4, 5, 6, 7, 8, 9, 10, 11, 12, 13, 14, 15, 16, 17, 18, 19
2019-12-28 07:38:31.190 parsl.dataflow.dflow:788 [INFO]  End of summary
2019-12-28 07:38:31.190 parsl.dataflow.dflow:888 [INFO]  Terminating flow_control and strategy threads
2019-12-28 07:38:31.190 parsl.executors.threads:96 [DEBUG]  Done with executor shutdown
2019-12-28 07:38:31.190 parsl.executors.threads:96 [DEBUG]  Done with executor shutdown
2019-12-28 07:38:31.190 parsl.dataflow.dflow:920 [INFO]  DFK cleanup complete
