2019-12-28 07:32:59.124 parsl.dataflow.dflow:83 [DEBUG]  Starting DataFlowKernel with config
Config(
    app_cache=True, 
    checkpoint_files=None, 
    checkpoint_mode=None, 
    checkpoint_period=None, 
    data_management_max_threads=10, 
    executors=[ThreadPoolExecutor(
        label='threads', 
        managed=True, 
        max_threads=2, 
        storage_access=None, 
        thread_name_prefix='', 
        working_dir=None
    )], 
    initialize_logging=True, 
    lazy_errors=True, 
    max_idletime=120.0, 
    monitoring=None, 
    retries=0, 
    run_dir='runinfo', 
    strategy='simple', 
    usage_tracking=False
)
2019-12-28 07:32:59.124 parsl.dataflow.dflow:84 [INFO]  Parsl version: 0.9.0
2019-12-28 07:32:59.124 parsl.dataflow.usage_tracking.usage:126 [DEBUG]  Tracking status: False
2019-12-28 07:32:59.124 parsl.dataflow.usage_tracking.usage:127 [DEBUG]  Testing mode   : False
2019-12-28 07:32:59.124 parsl.dataflow.dflow:110 [INFO]  Run id is: f5cd49ec-804b-4331-ae9d-b41a76ac77d2
2019-12-28 07:32:59.174 parsl.dataflow.memoization:52 [INFO]  App caching initialized
2019-12-28 07:32:59.175 parsl.dataflow.strategy:125 [DEBUG]  Scaling strategy: simple
2019-12-28 07:32:59.449 parsl.dataflow.dflow:484 [DEBUG]  Adding output dependencies
2019-12-28 07:32:59.449 parsl.dataflow.dflow:708 [INFO]  Task 0 submitted for App rfClassifier, waiting on tasks []
2019-12-28 07:32:59.449 parsl.dataflow.dflow:714 [DEBUG]  Task 0 set to pending state with AppFuture: <AppFuture super=<AppFuture at 0x7f640ca09780 state=pending>>
2019-12-28 07:32:59.450 parsl.dataflow.dflow:452 [INFO]  Task 0 launched on executor threads
2019-12-28 07:32:59.451 parsl.dataflow.dflow:484 [DEBUG]  Adding output dependencies
2019-12-28 07:32:59.451 parsl.dataflow.dflow:708 [INFO]  Task 1 submitted for App rfClassifier, waiting on tasks []
2019-12-28 07:32:59.451 parsl.dataflow.dflow:714 [DEBUG]  Task 1 set to pending state with AppFuture: <AppFuture super=<AppFuture at 0x7f63f66696a0 state=pending>>
2019-12-28 07:32:59.451 parsl.dataflow.dflow:452 [INFO]  Task 1 launched on executor threads
2019-12-28 07:32:59.452 parsl.dataflow.dflow:484 [DEBUG]  Adding output dependencies
2019-12-28 07:32:59.452 parsl.dataflow.dflow:708 [INFO]  Task 2 submitted for App rfClassifier, waiting on tasks []
2019-12-28 07:32:59.452 parsl.dataflow.dflow:714 [DEBUG]  Task 2 set to pending state with AppFuture: <AppFuture super=<AppFuture at 0x7f63f6669630 state=pending>>
2019-12-28 07:32:59.453 parsl.dataflow.dflow:452 [INFO]  Task 2 launched on executor threads
2019-12-28 07:32:59.453 parsl.dataflow.dflow:484 [DEBUG]  Adding output dependencies
2019-12-28 07:32:59.453 parsl.dataflow.dflow:708 [INFO]  Task 3 submitted for App rfClassifier, waiting on tasks []
2019-12-28 07:32:59.453 parsl.dataflow.dflow:714 [DEBUG]  Task 3 set to pending state with AppFuture: <AppFuture super=<AppFuture at 0x7f63f6669b00 state=pending>>
2019-12-28 07:32:59.453 parsl.dataflow.dflow:452 [INFO]  Task 3 launched on executor threads
2019-12-28 07:32:59.453 parsl.dataflow.dflow:484 [DEBUG]  Adding output dependencies
2019-12-28 07:32:59.453 parsl.dataflow.dflow:708 [INFO]  Task 4 submitted for App rfClassifier, waiting on tasks []
2019-12-28 07:32:59.453 parsl.dataflow.dflow:714 [DEBUG]  Task 4 set to pending state with AppFuture: <AppFuture super=<AppFuture at 0x7f63f667e198 state=pending>>
2019-12-28 07:32:59.453 parsl.dataflow.dflow:452 [INFO]  Task 4 launched on executor threads
2019-12-28 07:32:59.453 parsl.dataflow.dflow:484 [DEBUG]  Adding output dependencies
2019-12-28 07:32:59.453 parsl.dataflow.dflow:708 [INFO]  Task 5 submitted for App rfClassifier, waiting on tasks []
2019-12-28 07:32:59.453 parsl.dataflow.dflow:714 [DEBUG]  Task 5 set to pending state with AppFuture: <AppFuture super=<AppFuture at 0x7f63f6669f60 state=pending>>
2019-12-28 07:32:59.453 parsl.dataflow.dflow:452 [INFO]  Task 5 launched on executor threads
2019-12-28 07:32:59.454 parsl.dataflow.dflow:484 [DEBUG]  Adding output dependencies
2019-12-28 07:32:59.454 parsl.dataflow.dflow:708 [INFO]  Task 6 submitted for App rfClassifier, waiting on tasks []
2019-12-28 07:32:59.454 parsl.dataflow.dflow:714 [DEBUG]  Task 6 set to pending state with AppFuture: <AppFuture super=<AppFuture at 0x7f63f667e5f8 state=pending>>
2019-12-28 07:32:59.454 parsl.dataflow.dflow:452 [INFO]  Task 6 launched on executor threads
2019-12-28 07:32:59.454 parsl.dataflow.dflow:484 [DEBUG]  Adding output dependencies
2019-12-28 07:32:59.454 parsl.dataflow.dflow:708 [INFO]  Task 7 submitted for App rfClassifier, waiting on tasks []
2019-12-28 07:32:59.454 parsl.dataflow.dflow:714 [DEBUG]  Task 7 set to pending state with AppFuture: <AppFuture super=<AppFuture at 0x7f63f667ea20 state=pending>>
2019-12-28 07:32:59.454 parsl.dataflow.dflow:452 [INFO]  Task 7 launched on executor threads
2019-12-28 07:32:59.454 parsl.dataflow.dflow:484 [DEBUG]  Adding output dependencies
2019-12-28 07:32:59.454 parsl.dataflow.dflow:708 [INFO]  Task 8 submitted for App rfClassifier, waiting on tasks []
2019-12-28 07:32:59.455 parsl.dataflow.dflow:714 [DEBUG]  Task 8 set to pending state with AppFuture: <AppFuture super=<AppFuture at 0x7f63f667e860 state=pending>>
2019-12-28 07:32:59.455 parsl.dataflow.dflow:452 [INFO]  Task 8 launched on executor threads
2019-12-28 07:32:59.455 parsl.dataflow.dflow:484 [DEBUG]  Adding output dependencies
2019-12-28 07:32:59.455 parsl.dataflow.dflow:708 [INFO]  Task 9 submitted for App rfClassifier, waiting on tasks []
2019-12-28 07:32:59.455 parsl.dataflow.dflow:714 [DEBUG]  Task 9 set to pending state with AppFuture: <AppFuture super=<AppFuture at 0x7f63f667ef28 state=pending>>
2019-12-28 07:32:59.455 parsl.dataflow.dflow:452 [INFO]  Task 9 launched on executor threads
2019-12-28 07:32:59.455 parsl.dataflow.dflow:484 [DEBUG]  Adding output dependencies
2019-12-28 07:32:59.455 parsl.dataflow.dflow:708 [INFO]  Task 10 submitted for App rfClassifier, waiting on tasks []
2019-12-28 07:32:59.455 parsl.dataflow.dflow:714 [DEBUG]  Task 10 set to pending state with AppFuture: <AppFuture super=<AppFuture at 0x7f63f66880f0 state=pending>>
2019-12-28 07:32:59.456 parsl.dataflow.dflow:452 [INFO]  Task 10 launched on executor threads
2019-12-28 07:32:59.456 parsl.dataflow.dflow:484 [DEBUG]  Adding output dependencies
2019-12-28 07:32:59.456 parsl.dataflow.dflow:708 [INFO]  Task 11 submitted for App rfClassifier, waiting on tasks []
2019-12-28 07:32:59.456 parsl.dataflow.dflow:714 [DEBUG]  Task 11 set to pending state with AppFuture: <AppFuture super=<AppFuture at 0x7f63f667ee10 state=pending>>
2019-12-28 07:32:59.456 parsl.dataflow.dflow:452 [INFO]  Task 11 launched on executor threads
2019-12-28 07:32:59.456 parsl.dataflow.dflow:484 [DEBUG]  Adding output dependencies
2019-12-28 07:32:59.456 parsl.dataflow.dflow:708 [INFO]  Task 12 submitted for App rfClassifier, waiting on tasks []
2019-12-28 07:32:59.456 parsl.dataflow.dflow:714 [DEBUG]  Task 12 set to pending state with AppFuture: <AppFuture super=<AppFuture at 0x7f63f66882b0 state=pending>>
2019-12-28 07:32:59.456 parsl.dataflow.dflow:452 [INFO]  Task 12 launched on executor threads
2019-12-28 07:32:59.457 parsl.dataflow.dflow:484 [DEBUG]  Adding output dependencies
2019-12-28 07:32:59.457 parsl.dataflow.dflow:708 [INFO]  Task 13 submitted for App rfClassifier, waiting on tasks []
2019-12-28 07:32:59.457 parsl.dataflow.dflow:714 [DEBUG]  Task 13 set to pending state with AppFuture: <AppFuture super=<AppFuture at 0x7f63f668e470 state=pending>>
2019-12-28 07:32:59.457 parsl.dataflow.dflow:452 [INFO]  Task 13 launched on executor threads
2019-12-28 07:32:59.457 parsl.dataflow.dflow:484 [DEBUG]  Adding output dependencies
2019-12-28 07:32:59.457 parsl.dataflow.dflow:708 [INFO]  Task 14 submitted for App rfClassifier, waiting on tasks []
2019-12-28 07:32:59.457 parsl.dataflow.dflow:714 [DEBUG]  Task 14 set to pending state with AppFuture: <AppFuture super=<AppFuture at 0x7f63f668e2e8 state=pending>>
2019-12-28 07:32:59.457 parsl.dataflow.dflow:452 [INFO]  Task 14 launched on executor threads
2019-12-28 07:32:59.457 parsl.dataflow.dflow:484 [DEBUG]  Adding output dependencies
2019-12-28 07:32:59.458 parsl.dataflow.dflow:708 [INFO]  Task 15 submitted for App rfClassifier, waiting on tasks []
2019-12-28 07:32:59.458 parsl.dataflow.dflow:714 [DEBUG]  Task 15 set to pending state with AppFuture: <AppFuture super=<AppFuture at 0x7f63f668e6d8 state=pending>>
2019-12-28 07:32:59.458 parsl.dataflow.dflow:452 [INFO]  Task 15 launched on executor threads
2019-12-28 07:32:59.458 parsl.dataflow.dflow:484 [DEBUG]  Adding output dependencies
2019-12-28 07:32:59.458 parsl.dataflow.dflow:708 [INFO]  Task 16 submitted for App rfClassifier, waiting on tasks []
2019-12-28 07:32:59.458 parsl.dataflow.dflow:714 [DEBUG]  Task 16 set to pending state with AppFuture: <AppFuture super=<AppFuture at 0x7f63f4fee668 state=pending>>
2019-12-28 07:32:59.458 parsl.dataflow.dflow:452 [INFO]  Task 16 launched on executor threads
2019-12-28 07:32:59.458 parsl.dataflow.dflow:484 [DEBUG]  Adding output dependencies
2019-12-28 07:32:59.458 parsl.dataflow.dflow:708 [INFO]  Task 17 submitted for App rfClassifier, waiting on tasks []
2019-12-28 07:32:59.458 parsl.dataflow.dflow:714 [DEBUG]  Task 17 set to pending state with AppFuture: <AppFuture super=<AppFuture at 0x7f63f4fee7b8 state=pending>>
2019-12-28 07:32:59.459 parsl.dataflow.dflow:452 [INFO]  Task 17 launched on executor threads
2019-12-28 07:32:59.459 parsl.dataflow.dflow:484 [DEBUG]  Adding output dependencies
2019-12-28 07:32:59.459 parsl.dataflow.dflow:708 [INFO]  Task 18 submitted for App rfClassifier, waiting on tasks []
2019-12-28 07:32:59.459 parsl.dataflow.dflow:714 [DEBUG]  Task 18 set to pending state with AppFuture: <AppFuture super=<AppFuture at 0x7f63f4fee978 state=pending>>
2019-12-28 07:32:59.459 parsl.dataflow.dflow:452 [INFO]  Task 18 launched on executor threads
2019-12-28 07:32:59.459 parsl.dataflow.dflow:484 [DEBUG]  Adding output dependencies
2019-12-28 07:32:59.459 parsl.dataflow.dflow:708 [INFO]  Task 19 submitted for App rfClassifier, waiting on tasks []
2019-12-28 07:32:59.459 parsl.dataflow.dflow:714 [DEBUG]  Task 19 set to pending state with AppFuture: <AppFuture super=<AppFuture at 0x7f63f4fee8d0 state=pending>>
2019-12-28 07:32:59.459 parsl.dataflow.dflow:452 [INFO]  Task 19 launched on executor threads
2019-12-28 07:33:00.024 parsl.dataflow.dflow:288 [INFO]  Task 1 completed
2019-12-28 07:33:00.029 parsl.dataflow.dflow:288 [INFO]  Task 0 completed
2019-12-28 07:33:00.253 parsl.dataflow.dflow:288 [INFO]  Task 2 completed
2019-12-28 07:33:00.257 parsl.dataflow.dflow:288 [INFO]  Task 3 completed
2019-12-28 07:33:00.476 parsl.dataflow.dflow:288 [INFO]  Task 5 completed
2019-12-28 07:33:00.480 parsl.dataflow.dflow:288 [INFO]  Task 4 completed
2019-12-28 07:33:00.698 parsl.dataflow.dflow:288 [INFO]  Task 7 completed
2019-12-28 07:33:00.702 parsl.dataflow.dflow:288 [INFO]  Task 6 completed
2019-12-28 07:33:00.922 parsl.dataflow.dflow:288 [INFO]  Task 9 completed
2019-12-28 07:33:00.927 parsl.dataflow.dflow:288 [INFO]  Task 8 completed
2019-12-28 07:33:01.158 parsl.dataflow.dflow:288 [INFO]  Task 11 completed
2019-12-28 07:33:01.160 parsl.dataflow.dflow:288 [INFO]  Task 10 completed
2019-12-28 07:33:01.392 parsl.dataflow.dflow:288 [INFO]  Task 12 completed
2019-12-28 07:33:01.394 parsl.dataflow.dflow:288 [INFO]  Task 13 completed
2019-12-28 07:33:01.626 parsl.dataflow.dflow:288 [INFO]  Task 14 completed
2019-12-28 07:33:01.631 parsl.dataflow.dflow:288 [INFO]  Task 15 completed
2019-12-28 07:33:01.867 parsl.dataflow.dflow:288 [INFO]  Task 16 completed
2019-12-28 07:33:01.902 parsl.dataflow.dflow:288 [INFO]  Task 17 completed
2019-12-28 07:33:02.133 parsl.dataflow.dflow:288 [INFO]  Task 19 completed
2019-12-28 07:33:02.135 parsl.dataflow.dflow:288 [INFO]  Task 18 completed
2019-12-28 07:33:02.137 parsl.dataflow.dflow:864 [INFO]  DFK cleanup initiated
2019-12-28 07:33:02.138 parsl.dataflow.dflow:750 [INFO]  Summary of tasks in DFK:
2019-12-28 07:33:02.138 parsl.dataflow.dflow:781 [INFO]  Tasks in state States.done: 0, 1, 2, 3, 4, 5, 6, 7, 8, 9, 10, 11, 12, 13, 14, 15, 16, 17, 18, 19
2019-12-28 07:33:02.138 parsl.dataflow.dflow:788 [INFO]  End of summary
2019-12-28 07:33:02.138 parsl.dataflow.dflow:888 [INFO]  Terminating flow_control and strategy threads
2019-12-28 07:33:02.138 parsl.executors.threads:96 [DEBUG]  Done with executor shutdown
2019-12-28 07:33:02.138 parsl.executors.threads:96 [DEBUG]  Done with executor shutdown
2019-12-28 07:33:02.138 parsl.dataflow.dflow:920 [INFO]  DFK cleanup complete
