2019-12-28 07:38:26.729 parsl.dataflow.dflow:83 [DEBUG]  Starting DataFlowKernel with config
Config(
    app_cache=True, 
    checkpoint_files=None, 
    checkpoint_mode=None, 
    checkpoint_period=None, 
    data_management_max_threads=10, 
    executors=[ThreadPoolExecutor(
        label='threads', 
        managed=True, 
        max_threads=2, 
        storage_access=None, 
        thread_name_prefix='', 
        working_dir=None
    )], 
    initialize_logging=True, 
    lazy_errors=True, 
    max_idletime=120.0, 
    monitoring=None, 
    retries=0, 
    run_dir='runinfo', 
    strategy='simple', 
    usage_tracking=False
)
2019-12-28 07:38:26.729 parsl.dataflow.dflow:84 [INFO]  Parsl version: 0.9.0
2019-12-28 07:38:26.729 parsl.dataflow.usage_tracking.usage:126 [DEBUG]  Tracking status: False
2019-12-28 07:38:26.729 parsl.dataflow.usage_tracking.usage:127 [DEBUG]  Testing mode   : False
2019-12-28 07:38:26.729 parsl.dataflow.dflow:110 [INFO]  Run id is: 8c03ab3e-5a2c-40eb-aa29-31338faafc75
2019-12-28 07:38:26.781 parsl.dataflow.memoization:52 [INFO]  App caching initialized
2019-12-28 07:38:26.781 parsl.dataflow.strategy:125 [DEBUG]  Scaling strategy: simple
2019-12-28 07:38:27.301 parsl.dataflow.dflow:484 [DEBUG]  Adding output dependencies
2019-12-28 07:38:27.301 parsl.dataflow.dflow:708 [INFO]  Task 0 submitted for App normalize, waiting on tasks []
2019-12-28 07:38:27.301 parsl.dataflow.dflow:714 [DEBUG]  Task 0 set to pending state with AppFuture: <AppFuture super=<AppFuture at 0x7fcf0bb9fa58 state=pending>>
2019-12-28 07:38:27.303 parsl.dataflow.dflow:452 [INFO]  Task 0 launched on executor threads
2019-12-28 07:38:27.303 parsl.dataflow.dflow:288 [INFO]  Task 0 completed
2019-12-28 07:38:27.303 parsl.dataflow.dflow:484 [DEBUG]  Adding output dependencies
2019-12-28 07:38:27.303 parsl.dataflow.dflow:708 [INFO]  Task 1 submitted for App normalize, waiting on tasks []
2019-12-28 07:38:27.303 parsl.dataflow.dflow:714 [DEBUG]  Task 1 set to pending state with AppFuture: <AppFuture super=<AppFuture at 0x7fcf0bb9fb00 state=pending>>
2019-12-28 07:38:27.305 parsl.dataflow.dflow:452 [INFO]  Task 1 launched on executor threads
2019-12-28 07:38:27.305 parsl.dataflow.dflow:288 [INFO]  Task 1 completed
2019-12-28 07:38:27.305 parsl.dataflow.dflow:484 [DEBUG]  Adding output dependencies
2019-12-28 07:38:27.305 parsl.dataflow.dflow:708 [INFO]  Task 2 submitted for App normalize, waiting on tasks []
2019-12-28 07:38:27.305 parsl.dataflow.dflow:714 [DEBUG]  Task 2 set to pending state with AppFuture: <AppFuture super=<AppFuture at 0x7fcf0bb9fc18 state=pending>>
2019-12-28 07:38:27.305 parsl.dataflow.dflow:452 [INFO]  Task 2 launched on executor threads
2019-12-28 07:38:27.306 parsl.dataflow.dflow:484 [DEBUG]  Adding output dependencies
2019-12-28 07:38:27.307 parsl.dataflow.dflow:708 [INFO]  Task 3 submitted for App normalize, waiting on tasks []
2019-12-28 07:38:27.307 parsl.dataflow.dflow:714 [DEBUG]  Task 3 set to pending state with AppFuture: <AppFuture super=<AppFuture at 0x7fcf0bb9ff28 state=pending>>
2019-12-28 07:38:27.307 parsl.dataflow.dflow:452 [INFO]  Task 3 launched on executor threads
2019-12-28 07:38:27.308 parsl.dataflow.dflow:484 [DEBUG]  Adding output dependencies
2019-12-28 07:38:27.308 parsl.dataflow.dflow:288 [INFO]  Task 3 completed
2019-12-28 07:38:27.308 parsl.dataflow.dflow:708 [INFO]  Task 4 submitted for App normalize, waiting on tasks []
2019-12-28 07:38:27.309 parsl.dataflow.dflow:288 [INFO]  Task 2 completed
2019-12-28 07:38:27.309 parsl.dataflow.dflow:714 [DEBUG]  Task 4 set to pending state with AppFuture: <AppFuture super=<AppFuture at 0x7fcf0bbc0160 state=pending>>
2019-12-28 07:38:27.309 parsl.dataflow.dflow:452 [INFO]  Task 4 launched on executor threads
2019-12-28 07:38:27.310 parsl.dataflow.dflow:288 [INFO]  Task 4 completed
2019-12-28 07:38:27.335 parsl.dataflow.dflow:864 [INFO]  DFK cleanup initiated
2019-12-28 07:38:27.335 parsl.dataflow.dflow:750 [INFO]  Summary of tasks in DFK:
2019-12-28 07:38:27.335 parsl.dataflow.dflow:781 [INFO]  Tasks in state States.done: 0, 1, 2, 3, 4
2019-12-28 07:38:27.335 parsl.dataflow.dflow:788 [INFO]  End of summary
2019-12-28 07:38:27.335 parsl.dataflow.dflow:888 [INFO]  Terminating flow_control and strategy threads
2019-12-28 07:38:27.335 parsl.executors.threads:96 [DEBUG]  Done with executor shutdown
2019-12-28 07:38:27.335 parsl.executors.threads:96 [DEBUG]  Done with executor shutdown
2019-12-28 07:38:27.335 parsl.dataflow.dflow:920 [INFO]  DFK cleanup complete
