2019-12-28 07:15:04.104 parsl.dataflow.dflow:83 [DEBUG]  Starting DataFlowKernel with config
Config(
    app_cache=True, 
    checkpoint_files=None, 
    checkpoint_mode=None, 
    checkpoint_period=None, 
    data_management_max_threads=10, 
    executors=[ThreadPoolExecutor(
        label='threads', 
        managed=True, 
        max_threads=2, 
        storage_access=None, 
        thread_name_prefix='', 
        working_dir=None
    )], 
    initialize_logging=True, 
    lazy_errors=True, 
    max_idletime=120.0, 
    monitoring=None, 
    retries=0, 
    run_dir='runinfo', 
    strategy='simple', 
    usage_tracking=False
)
2019-12-28 07:15:04.104 parsl.dataflow.dflow:84 [INFO]  Parsl version: 0.9.0
2019-12-28 07:15:04.104 parsl.dataflow.usage_tracking.usage:126 [DEBUG]  Tracking status: False
2019-12-28 07:15:04.104 parsl.dataflow.usage_tracking.usage:127 [DEBUG]  Testing mode   : False
2019-12-28 07:15:04.104 parsl.dataflow.dflow:110 [INFO]  Run id is: 7d910408-338d-436d-8d70-394df0220a09
2019-12-28 07:15:04.156 parsl.dataflow.memoization:52 [INFO]  App caching initialized
2019-12-28 07:15:04.156 parsl.dataflow.strategy:125 [DEBUG]  Scaling strategy: simple
2019-12-28 07:15:04.429 parsl.dataflow.dflow:484 [DEBUG]  Adding output dependencies
2019-12-28 07:15:04.429 parsl.dataflow.dflow:708 [INFO]  Task 0 submitted for App combineColumns, waiting on tasks []
2019-12-28 07:15:04.429 parsl.dataflow.dflow:714 [DEBUG]  Task 0 set to pending state with AppFuture: <AppFuture super=<AppFuture at 0x7ffbe09b48d0 state=pending>>
2019-12-28 07:15:04.430 parsl.dataflow.dflow:452 [INFO]  Task 0 launched on executor threads
2019-12-28 07:15:04.431 parsl.dataflow.dflow:484 [DEBUG]  Adding output dependencies
2019-12-28 07:15:04.431 parsl.dataflow.dflow:708 [INFO]  Task 1 submitted for App combineColumns, waiting on tasks []
2019-12-28 07:15:04.431 parsl.dataflow.dflow:714 [DEBUG]  Task 1 set to pending state with AppFuture: <AppFuture super=<AppFuture at 0x7ffbe09b4d68 state=pending>>
2019-12-28 07:15:04.433 parsl.dataflow.dflow:452 [INFO]  Task 1 launched on executor threads
2019-12-28 07:15:04.467 parsl.dataflow.dflow:484 [DEBUG]  Adding output dependencies
2019-12-28 07:15:04.467 parsl.dataflow.dflow:708 [INFO]  Task 2 submitted for App combineColumns, waiting on tasks []
2019-12-28 07:15:04.467 parsl.dataflow.dflow:714 [DEBUG]  Task 2 set to pending state with AppFuture: <AppFuture super=<AppFuture at 0x7ffbe09c61d0 state=pending>>
2019-12-28 07:15:04.467 parsl.dataflow.dflow:452 [INFO]  Task 2 launched on executor threads
2019-12-28 07:15:04.468 parsl.dataflow.dflow:484 [DEBUG]  Adding output dependencies
2019-12-28 07:15:04.468 parsl.dataflow.dflow:708 [INFO]  Task 3 submitted for App combineColumns, waiting on tasks []
2019-12-28 07:15:04.468 parsl.dataflow.dflow:714 [DEBUG]  Task 3 set to pending state with AppFuture: <AppFuture super=<AppFuture at 0x7ffbe09c6550 state=pending>>
2019-12-28 07:15:04.468 parsl.dataflow.dflow:452 [INFO]  Task 3 launched on executor threads
2019-12-28 07:15:07.246 parsl.dataflow.dflow:864 [INFO]  DFK cleanup initiated
2019-12-28 07:15:07.253 parsl.dataflow.dflow:750 [INFO]  Summary of tasks in DFK:
2019-12-28 07:15:07.255 parsl.dataflow.dflow:781 [INFO]  Tasks in state States.launched: 0, 1, 2, 3
2019-12-28 07:15:07.258 parsl.dataflow.dflow:788 [INFO]  End of summary
2019-12-28 07:15:07.258 parsl.dataflow.dflow:888 [INFO]  Terminating flow_control and strategy threads
2019-12-28 07:15:07.269 parsl.executors.threads:96 [DEBUG]  Done with executor shutdown
2019-12-28 07:15:07.270 parsl.executors.threads:96 [DEBUG]  Done with executor shutdown
2019-12-28 07:15:07.270 parsl.dataflow.dflow:920 [INFO]  DFK cleanup complete
2019-12-28 07:15:10.519 parsl.dataflow.dflow:288 [INFO]  Task 1 completed
2019-12-28 07:15:10.618 parsl.dataflow.dflow:288 [INFO]  Task 0 completed
