2019-12-28 07:38:47.361 parsl.dataflow.dflow:83 [DEBUG]  Starting DataFlowKernel with config
Config(
    app_cache=True, 
    checkpoint_files=None, 
    checkpoint_mode=None, 
    checkpoint_period=None, 
    data_management_max_threads=10, 
    executors=[ThreadPoolExecutor(
        label='threads', 
        managed=True, 
        max_threads=2, 
        storage_access=None, 
        thread_name_prefix='', 
        working_dir=None
    )], 
    initialize_logging=True, 
    lazy_errors=True, 
    max_idletime=120.0, 
    monitoring=None, 
    retries=0, 
    run_dir='runinfo', 
    strategy='simple', 
    usage_tracking=False
)
2019-12-28 07:38:47.362 parsl.dataflow.dflow:84 [INFO]  Parsl version: 0.9.0
2019-12-28 07:38:47.362 parsl.dataflow.usage_tracking.usage:126 [DEBUG]  Tracking status: False
2019-12-28 07:38:47.362 parsl.dataflow.usage_tracking.usage:127 [DEBUG]  Testing mode   : False
2019-12-28 07:38:47.362 parsl.dataflow.dflow:110 [INFO]  Run id is: 00e2bc6a-63d4-415c-9596-e34cd1645be0
2019-12-28 07:38:47.417 parsl.dataflow.memoization:52 [INFO]  App caching initialized
2019-12-28 07:38:47.417 parsl.dataflow.strategy:125 [DEBUG]  Scaling strategy: simple
2019-12-28 07:38:47.697 parsl.dataflow.dflow:484 [DEBUG]  Adding output dependencies
2019-12-28 07:38:47.697 parsl.dataflow.dflow:708 [INFO]  Task 0 submitted for App rfClassifier, waiting on tasks []
2019-12-28 07:38:47.697 parsl.dataflow.dflow:714 [DEBUG]  Task 0 set to pending state with AppFuture: <AppFuture super=<AppFuture at 0x7f9fd2792748 state=pending>>
2019-12-28 07:38:47.699 parsl.dataflow.dflow:452 [INFO]  Task 0 launched on executor threads
2019-12-28 07:38:47.699 parsl.dataflow.dflow:484 [DEBUG]  Adding output dependencies
2019-12-28 07:38:47.699 parsl.dataflow.dflow:708 [INFO]  Task 1 submitted for App rfClassifier, waiting on tasks []
2019-12-28 07:38:47.699 parsl.dataflow.dflow:714 [DEBUG]  Task 1 set to pending state with AppFuture: <AppFuture super=<AppFuture at 0x7f9fbc3fe400 state=pending>>
2019-12-28 07:38:47.700 parsl.dataflow.dflow:452 [INFO]  Task 1 launched on executor threads
2019-12-28 07:38:47.700 parsl.dataflow.dflow:484 [DEBUG]  Adding output dependencies
2019-12-28 07:38:47.700 parsl.dataflow.dflow:708 [INFO]  Task 2 submitted for App rfClassifier, waiting on tasks []
2019-12-28 07:38:47.700 parsl.dataflow.dflow:714 [DEBUG]  Task 2 set to pending state with AppFuture: <AppFuture super=<AppFuture at 0x7f9fbc3fe908 state=pending>>
2019-12-28 07:38:47.701 parsl.dataflow.dflow:452 [INFO]  Task 2 launched on executor threads
2019-12-28 07:38:47.701 parsl.dataflow.dflow:484 [DEBUG]  Adding output dependencies
2019-12-28 07:38:47.701 parsl.dataflow.dflow:708 [INFO]  Task 3 submitted for App rfClassifier, waiting on tasks []
2019-12-28 07:38:47.701 parsl.dataflow.dflow:714 [DEBUG]  Task 3 set to pending state with AppFuture: <AppFuture super=<AppFuture at 0x7f9fbc3fea90 state=pending>>
2019-12-28 07:38:47.702 parsl.dataflow.dflow:452 [INFO]  Task 3 launched on executor threads
2019-12-28 07:38:47.702 parsl.dataflow.dflow:484 [DEBUG]  Adding output dependencies
2019-12-28 07:38:47.702 parsl.dataflow.dflow:708 [INFO]  Task 4 submitted for App rfClassifier, waiting on tasks []
2019-12-28 07:38:47.702 parsl.dataflow.dflow:714 [DEBUG]  Task 4 set to pending state with AppFuture: <AppFuture super=<AppFuture at 0x7f9fbc3fecc0 state=pending>>
2019-12-28 07:38:47.702 parsl.dataflow.dflow:452 [INFO]  Task 4 launched on executor threads
2019-12-28 07:38:47.702 parsl.dataflow.dflow:484 [DEBUG]  Adding output dependencies
2019-12-28 07:38:47.702 parsl.dataflow.dflow:708 [INFO]  Task 5 submitted for App rfClassifier, waiting on tasks []
2019-12-28 07:38:47.702 parsl.dataflow.dflow:714 [DEBUG]  Task 5 set to pending state with AppFuture: <AppFuture super=<AppFuture at 0x7f9fbc4121d0 state=pending>>
2019-12-28 07:38:47.703 parsl.dataflow.dflow:452 [INFO]  Task 5 launched on executor threads
2019-12-28 07:38:47.703 parsl.dataflow.dflow:484 [DEBUG]  Adding output dependencies
2019-12-28 07:38:47.703 parsl.dataflow.dflow:708 [INFO]  Task 6 submitted for App rfClassifier, waiting on tasks []
2019-12-28 07:38:47.703 parsl.dataflow.dflow:714 [DEBUG]  Task 6 set to pending state with AppFuture: <AppFuture super=<AppFuture at 0x7f9fbc4123c8 state=pending>>
2019-12-28 07:38:47.703 parsl.dataflow.dflow:452 [INFO]  Task 6 launched on executor threads
2019-12-28 07:38:47.703 parsl.dataflow.dflow:484 [DEBUG]  Adding output dependencies
2019-12-28 07:38:47.703 parsl.dataflow.dflow:708 [INFO]  Task 7 submitted for App rfClassifier, waiting on tasks []
2019-12-28 07:38:47.703 parsl.dataflow.dflow:714 [DEBUG]  Task 7 set to pending state with AppFuture: <AppFuture super=<AppFuture at 0x7f9fbc412780 state=pending>>
2019-12-28 07:38:47.703 parsl.dataflow.dflow:452 [INFO]  Task 7 launched on executor threads
2019-12-28 07:38:47.704 parsl.dataflow.dflow:484 [DEBUG]  Adding output dependencies
2019-12-28 07:38:47.704 parsl.dataflow.dflow:708 [INFO]  Task 8 submitted for App rfClassifier, waiting on tasks []
2019-12-28 07:38:47.704 parsl.dataflow.dflow:714 [DEBUG]  Task 8 set to pending state with AppFuture: <AppFuture super=<AppFuture at 0x7f9fbc4128d0 state=pending>>
2019-12-28 07:38:47.704 parsl.dataflow.dflow:452 [INFO]  Task 8 launched on executor threads
2019-12-28 07:38:47.704 parsl.dataflow.dflow:484 [DEBUG]  Adding output dependencies
2019-12-28 07:38:47.704 parsl.dataflow.dflow:708 [INFO]  Task 9 submitted for App rfClassifier, waiting on tasks []
2019-12-28 07:38:47.704 parsl.dataflow.dflow:714 [DEBUG]  Task 9 set to pending state with AppFuture: <AppFuture super=<AppFuture at 0x7f9fbc412cf8 state=pending>>
2019-12-28 07:38:47.704 parsl.dataflow.dflow:452 [INFO]  Task 9 launched on executor threads
2019-12-28 07:38:47.704 parsl.dataflow.dflow:484 [DEBUG]  Adding output dependencies
2019-12-28 07:38:47.704 parsl.dataflow.dflow:708 [INFO]  Task 10 submitted for App rfClassifier, waiting on tasks []
2019-12-28 07:38:47.704 parsl.dataflow.dflow:714 [DEBUG]  Task 10 set to pending state with AppFuture: <AppFuture super=<AppFuture at 0x7f9fbc412e10 state=pending>>
2019-12-28 07:38:47.705 parsl.dataflow.dflow:452 [INFO]  Task 10 launched on executor threads
2019-12-28 07:38:47.705 parsl.dataflow.dflow:484 [DEBUG]  Adding output dependencies
2019-12-28 07:38:47.705 parsl.dataflow.dflow:708 [INFO]  Task 11 submitted for App rfClassifier, waiting on tasks []
2019-12-28 07:38:47.705 parsl.dataflow.dflow:714 [DEBUG]  Task 11 set to pending state with AppFuture: <AppFuture super=<AppFuture at 0x7f9fbc41d240 state=pending>>
2019-12-28 07:38:47.705 parsl.dataflow.dflow:452 [INFO]  Task 11 launched on executor threads
2019-12-28 07:38:47.705 parsl.dataflow.dflow:484 [DEBUG]  Adding output dependencies
2019-12-28 07:38:47.705 parsl.dataflow.dflow:708 [INFO]  Task 12 submitted for App rfClassifier, waiting on tasks []
2019-12-28 07:38:47.705 parsl.dataflow.dflow:714 [DEBUG]  Task 12 set to pending state with AppFuture: <AppFuture super=<AppFuture at 0x7f9fbc41d3c8 state=pending>>
2019-12-28 07:38:47.705 parsl.dataflow.dflow:452 [INFO]  Task 12 launched on executor threads
2019-12-28 07:38:47.705 parsl.dataflow.dflow:484 [DEBUG]  Adding output dependencies
2019-12-28 07:38:47.706 parsl.dataflow.dflow:708 [INFO]  Task 13 submitted for App rfClassifier, waiting on tasks []
2019-12-28 07:38:47.706 parsl.dataflow.dflow:714 [DEBUG]  Task 13 set to pending state with AppFuture: <AppFuture super=<AppFuture at 0x7f9fbc41d4a8 state=pending>>
2019-12-28 07:38:47.706 parsl.dataflow.dflow:452 [INFO]  Task 13 launched on executor threads
2019-12-28 07:38:47.706 parsl.dataflow.dflow:484 [DEBUG]  Adding output dependencies
2019-12-28 07:38:47.706 parsl.dataflow.dflow:708 [INFO]  Task 14 submitted for App rfClassifier, waiting on tasks []
2019-12-28 07:38:47.706 parsl.dataflow.dflow:714 [DEBUG]  Task 14 set to pending state with AppFuture: <AppFuture super=<AppFuture at 0x7f9fbc41d588 state=pending>>
2019-12-28 07:38:47.706 parsl.dataflow.dflow:452 [INFO]  Task 14 launched on executor threads
2019-12-28 07:38:47.706 parsl.dataflow.dflow:484 [DEBUG]  Adding output dependencies
2019-12-28 07:38:47.706 parsl.dataflow.dflow:708 [INFO]  Task 15 submitted for App rfClassifier, waiting on tasks []
2019-12-28 07:38:47.706 parsl.dataflow.dflow:714 [DEBUG]  Task 15 set to pending state with AppFuture: <AppFuture super=<AppFuture at 0x7f9fbc424748 state=pending>>
2019-12-28 07:38:47.707 parsl.dataflow.dflow:452 [INFO]  Task 15 launched on executor threads
2019-12-28 07:38:47.707 parsl.dataflow.dflow:484 [DEBUG]  Adding output dependencies
2019-12-28 07:38:47.707 parsl.dataflow.dflow:708 [INFO]  Task 16 submitted for App rfClassifier, waiting on tasks []
2019-12-28 07:38:47.707 parsl.dataflow.dflow:714 [DEBUG]  Task 16 set to pending state with AppFuture: <AppFuture super=<AppFuture at 0x7f9fbc424668 state=pending>>
2019-12-28 07:38:47.707 parsl.dataflow.dflow:452 [INFO]  Task 16 launched on executor threads
2019-12-28 07:38:47.707 parsl.dataflow.dflow:484 [DEBUG]  Adding output dependencies
2019-12-28 07:38:47.707 parsl.dataflow.dflow:708 [INFO]  Task 17 submitted for App rfClassifier, waiting on tasks []
2019-12-28 07:38:47.707 parsl.dataflow.dflow:714 [DEBUG]  Task 17 set to pending state with AppFuture: <AppFuture super=<AppFuture at 0x7f9fbc4249e8 state=pending>>
2019-12-28 07:38:47.707 parsl.dataflow.dflow:452 [INFO]  Task 17 launched on executor threads
2019-12-28 07:38:47.707 parsl.dataflow.dflow:484 [DEBUG]  Adding output dependencies
2019-12-28 07:38:47.708 parsl.dataflow.dflow:708 [INFO]  Task 18 submitted for App rfClassifier, waiting on tasks []
2019-12-28 07:38:47.708 parsl.dataflow.dflow:714 [DEBUG]  Task 18 set to pending state with AppFuture: <AppFuture super=<AppFuture at 0x7f9fbad83898 state=pending>>
2019-12-28 07:38:47.708 parsl.dataflow.dflow:452 [INFO]  Task 18 launched on executor threads
2019-12-28 07:38:47.708 parsl.dataflow.dflow:484 [DEBUG]  Adding output dependencies
2019-12-28 07:38:47.708 parsl.dataflow.dflow:708 [INFO]  Task 19 submitted for App rfClassifier, waiting on tasks []
2019-12-28 07:38:47.708 parsl.dataflow.dflow:714 [DEBUG]  Task 19 set to pending state with AppFuture: <AppFuture super=<AppFuture at 0x7f9fbad83a90 state=pending>>
2019-12-28 07:38:47.709 parsl.dataflow.dflow:452 [INFO]  Task 19 launched on executor threads
2019-12-28 07:38:48.256 parsl.dataflow.dflow:288 [INFO]  Task 1 completed
2019-12-28 07:38:48.275 parsl.dataflow.dflow:288 [INFO]  Task 0 completed
2019-12-28 07:38:48.484 parsl.dataflow.dflow:288 [INFO]  Task 2 completed
2019-12-28 07:38:48.532 parsl.dataflow.dflow:288 [INFO]  Task 3 completed
2019-12-28 07:38:48.721 parsl.dataflow.dflow:288 [INFO]  Task 4 completed
2019-12-28 07:38:48.772 parsl.dataflow.dflow:288 [INFO]  Task 5 completed
2019-12-28 07:38:48.962 parsl.dataflow.dflow:288 [INFO]  Task 6 completed
2019-12-28 07:38:49.013 parsl.dataflow.dflow:288 [INFO]  Task 7 completed
2019-12-28 07:38:49.207 parsl.dataflow.dflow:288 [INFO]  Task 8 completed
2019-12-28 07:38:49.253 parsl.dataflow.dflow:288 [INFO]  Task 9 completed
2019-12-28 07:38:49.449 parsl.dataflow.dflow:288 [INFO]  Task 10 completed
2019-12-28 07:38:49.503 parsl.dataflow.dflow:288 [INFO]  Task 11 completed
2019-12-28 07:38:49.698 parsl.dataflow.dflow:288 [INFO]  Task 12 completed
2019-12-28 07:38:49.749 parsl.dataflow.dflow:288 [INFO]  Task 13 completed
2019-12-28 07:38:49.947 parsl.dataflow.dflow:288 [INFO]  Task 14 completed
2019-12-28 07:38:50.004 parsl.dataflow.dflow:288 [INFO]  Task 15 completed
2019-12-28 07:38:50.196 parsl.dataflow.dflow:288 [INFO]  Task 16 completed
2019-12-28 07:38:50.255 parsl.dataflow.dflow:288 [INFO]  Task 17 completed
2019-12-28 07:38:50.450 parsl.dataflow.dflow:288 [INFO]  Task 18 completed
2019-12-28 07:38:50.463 parsl.dataflow.dflow:288 [INFO]  Task 19 completed
2019-12-28 07:38:50.465 parsl.dataflow.dflow:864 [INFO]  DFK cleanup initiated
2019-12-28 07:38:50.465 parsl.dataflow.dflow:750 [INFO]  Summary of tasks in DFK:
2019-12-28 07:38:50.465 parsl.dataflow.dflow:781 [INFO]  Tasks in state States.done: 0, 1, 2, 3, 4, 5, 6, 7, 8, 9, 10, 11, 12, 13, 14, 15, 16, 17, 18, 19
2019-12-28 07:38:50.465 parsl.dataflow.dflow:788 [INFO]  End of summary
2019-12-28 07:38:50.466 parsl.dataflow.dflow:888 [INFO]  Terminating flow_control and strategy threads
2019-12-28 07:38:50.466 parsl.executors.threads:96 [DEBUG]  Done with executor shutdown
2019-12-28 07:38:50.466 parsl.executors.threads:96 [DEBUG]  Done with executor shutdown
2019-12-28 07:38:50.466 parsl.dataflow.dflow:920 [INFO]  DFK cleanup complete
